2023-12-19 20:12:960 INFO  HomePage :94 - Hovering mouse and clicking on Desktops tab : [[ChromeDriver: chrome on windows (89b5229c8f7b5667250b63de1fbb78a3)] -> xpath: //a[@class='dropdown-toggle'][normalize-space()='Desktops']]
2023-12-19 20:12:452 INFO  HomePage :78 - Hovering mouse and Clicking on show all desktops : [[ChromeDriver: chrome on windows (89b5229c8f7b5667250b63de1fbb78a3)] -> xpath: //a[normalize-space()='Show AllDesktops']]
2023-12-19 20:12:602 INFO  DesktopPage :43 - Clicking on sort by  option tab : [[ChromeDriver: chrome on windows (89b5229c8f7b5667250b63de1fbb78a3)] -> id: input-sort]
2023-12-19 20:12:383 INFO  DesktopPage :48 - Selecting sort by (A to Z) option : [[ChromeDriver: chrome on windows (89b5229c8f7b5667250b63de1fbb78a3)] -> id: input-sort]
2023-12-19 20:12:605 INFO  HomePage :70 - Clicking on currency selector : [[ChromeDriver: chrome on windows (be1013fa6180135a285fe2c4bd7cab8e)] -> xpath: //span[normalize-space()='Currency']]
2023-12-19 20:12:745 INFO  HomePage :72 - Clicking on currency GBP : [[ChromeDriver: chrome on windows (be1013fa6180135a285fe2c4bd7cab8e)] -> xpath: //button[normalize-space()='£Pound Sterling']]
2023-12-19 20:12:23 INFO  HomePage :94 - Hovering mouse and clicking on Desktops tab : [[ChromeDriver: chrome on windows (be1013fa6180135a285fe2c4bd7cab8e)] -> xpath: //a[@class='dropdown-toggle'][normalize-space()='Desktops']]
2023-12-19 20:12:578 INFO  HomePage :78 - Hovering mouse and Clicking on show all desktops : [[ChromeDriver: chrome on windows (be1013fa6180135a285fe2c4bd7cab8e)] -> xpath: //a[normalize-space()='Show AllDesktops']]
2023-12-19 20:12:725 INFO  DesktopPage :43 - Clicking on sort by  option tab : [[ChromeDriver: chrome on windows (be1013fa6180135a285fe2c4bd7cab8e)] -> id: input-sort]
2023-12-19 20:12:560 INFO  DesktopPage :48 - Selecting sort by (A to Z) option : [[ChromeDriver: chrome on windows (be1013fa6180135a285fe2c4bd7cab8e)] -> id: input-sort]
2023-12-19 20:12:125 INFO  DesktopPage :98 - List Of Product : [[ChromeDriver: chrome on windows (be1013fa6180135a285fe2c4bd7cab8e)] -> xpath: //h4/a]
2023-12-19 20:12:209 INFO  ProductPage :55 - Verify Product name : [[ChromeDriver: chrome on windows (be1013fa6180135a285fe2c4bd7cab8e)] -> css selector: div[id='content'] h1]
2023-12-19 20:12:627 INFO  ShoppingCartPage :51 - Checking for shopping cart text : [[ChromeDriver: chrome on windows (be1013fa6180135a285fe2c4bd7cab8e)] -> xpath: //div[@id='content']//h1]
2023-12-19 20:12:735 INFO  ShoppingCartPage :56 - Getting product name text in shopping cart : [[ChromeDriver: chrome on windows (be1013fa6180135a285fe2c4bd7cab8e)] -> xpath: //div[@class = 'table-responsive']/table/tbody/tr/td[2]/a]
2023-12-19 20:12:781 INFO  ShoppingCartPage :66 - Getting model details in shopping cart : [[ChromeDriver: chrome on windows (be1013fa6180135a285fe2c4bd7cab8e)] -> xpath: //div[@class = 'table-responsive']/table/tbody/tr/td[3]]
2023-12-19 20:12:822 INFO  ShoppingCartPage :71 - Getting total amount in shopping cart : [[ChromeDriver: chrome on windows (be1013fa6180135a285fe2c4bd7cab8e)] -> xpath: //div[@class = 'table-responsive']/table/tbody/tr/td[6]]
2023-12-19 20:12:387 INFO  HomePage :70 - Clicking on currency selector : [[ChromeDriver: chrome on windows (d3c068fb73f2c150b0e6dc2c917592ad)] -> xpath: //span[normalize-space()='Currency']]
2023-12-19 20:12:358 INFO  HomePage :72 - Clicking on currency GBP : [[ChromeDriver: chrome on windows (d3c068fb73f2c150b0e6dc2c917592ad)] -> xpath: //button[normalize-space()='£Pound Sterling']]
2023-12-19 20:12:661 INFO  HomePage :94 - Hovering mouse and clicking on Desktops tab : [[ChromeDriver: chrome on windows (d3c068fb73f2c150b0e6dc2c917592ad)] -> xpath: //a[@class='dropdown-toggle'][normalize-space()='Desktops']]
2023-12-19 20:12:206 INFO  HomePage :78 - Hovering mouse and Clicking on show all desktops : [[ChromeDriver: chrome on windows (d3c068fb73f2c150b0e6dc2c917592ad)] -> xpath: //a[normalize-space()='Show AllDesktops']]
2023-12-19 20:12:332 INFO  DesktopPage :43 - Clicking on sort by  option tab : [[ChromeDriver: chrome on windows (d3c068fb73f2c150b0e6dc2c917592ad)] -> id: input-sort]
2023-12-19 20:12:105 INFO  DesktopPage :48 - Selecting sort by (A to Z) option : [[ChromeDriver: chrome on windows (d3c068fb73f2c150b0e6dc2c917592ad)] -> id: input-sort]
2023-12-19 20:12:783 INFO  DesktopPage :98 - List Of Product : [[ChromeDriver: chrome on windows (d3c068fb73f2c150b0e6dc2c917592ad)] -> xpath: //h4/a]
2023-12-19 20:12:817 INFO  ProductPage :55 - Verify Product name : [[ChromeDriver: chrome on windows (d3c068fb73f2c150b0e6dc2c917592ad)] -> css selector: div[id='content'] h1]
2023-12-19 20:12:145 INFO  ShoppingCartPage :51 - Checking for shopping cart text : [[ChromeDriver: chrome on windows (d3c068fb73f2c150b0e6dc2c917592ad)] -> xpath: //div[@id='content']//h1]
2023-12-19 20:12:318 INFO  ShoppingCartPage :56 - Getting product name text in shopping cart : [[ChromeDriver: chrome on windows (d3c068fb73f2c150b0e6dc2c917592ad)] -> xpath: //div[@class = 'table-responsive']/table/tbody/tr/td[2]/a]
2023-12-19 20:12:470 INFO  ShoppingCartPage :66 - Getting model details in shopping cart : [[ChromeDriver: chrome on windows (d3c068fb73f2c150b0e6dc2c917592ad)] -> xpath: //div[@class = 'table-responsive']/table/tbody/tr/td[3]]
2023-12-19 20:12:523 INFO  ShoppingCartPage :71 - Getting total amount in shopping cart : [[ChromeDriver: chrome on windows (d3c068fb73f2c150b0e6dc2c917592ad)] -> xpath: //div[@class = 'table-responsive']/table/tbody/tr/td[6]]
2023-12-19 20:12:584 INFO  HomePage :70 - Clicking on currency selector : [[ChromeDriver: chrome on windows (f1a6271716efff2dfa9b9601c33dea10)] -> xpath: //span[normalize-space()='Currency']]
2023-12-19 20:12:684 INFO  HomePage :72 - Clicking on currency GBP : [[ChromeDriver: chrome on windows (f1a6271716efff2dfa9b9601c33dea10)] -> xpath: //button[normalize-space()='£Pound Sterling']]
2023-12-19 20:12:926 INFO  HomePage :94 - Hovering mouse and clicking on Desktops tab : [[ChromeDriver: chrome on windows (f1a6271716efff2dfa9b9601c33dea10)] -> xpath: //a[@class='dropdown-toggle'][normalize-space()='Desktops']]
2023-12-19 20:12:452 INFO  HomePage :78 - Hovering mouse and Clicking on show all desktops : [[ChromeDriver: chrome on windows (f1a6271716efff2dfa9b9601c33dea10)] -> xpath: //a[normalize-space()='Show AllDesktops']]
2023-12-19 20:12:645 INFO  DesktopPage :43 - Clicking on sort by  option tab : [[ChromeDriver: chrome on windows (f1a6271716efff2dfa9b9601c33dea10)] -> id: input-sort]
2023-12-19 20:12:368 INFO  DesktopPage :48 - Selecting sort by (A to Z) option : [[ChromeDriver: chrome on windows (f1a6271716efff2dfa9b9601c33dea10)] -> id: input-sort]
2023-12-19 20:12:99 INFO  DesktopPage :98 - List Of Product : [[ChromeDriver: chrome on windows (f1a6271716efff2dfa9b9601c33dea10)] -> xpath: //h4/a]
2023-12-19 20:12:152 INFO  ProductPage :55 - Verify Product name : [[ChromeDriver: chrome on windows (f1a6271716efff2dfa9b9601c33dea10)] -> css selector: div[id='content'] h1]
2023-12-19 20:12:764 INFO  ShoppingCartPage :51 - Checking for shopping cart text : [[ChromeDriver: chrome on windows (f1a6271716efff2dfa9b9601c33dea10)] -> xpath: //div[@id='content']//h1]
2023-12-19 20:12:865 INFO  ShoppingCartPage :56 - Getting product name text in shopping cart : [[ChromeDriver: chrome on windows (f1a6271716efff2dfa9b9601c33dea10)] -> xpath: //div[@class = 'table-responsive']/table/tbody/tr/td[2]/a]
2023-12-19 20:12:915 INFO  ShoppingCartPage :66 - Getting model details in shopping cart : [[ChromeDriver: chrome on windows (f1a6271716efff2dfa9b9601c33dea10)] -> xpath: //div[@class = 'table-responsive']/table/tbody/tr/td[3]]
2023-12-19 20:12:963 INFO  ShoppingCartPage :71 - Getting total amount in shopping cart : [[ChromeDriver: chrome on windows (f1a6271716efff2dfa9b9601c33dea10)] -> xpath: //div[@class = 'table-responsive']/table/tbody/tr/td[6]]
2023-12-19 20:12:91 INFO  HomePage :70 - Clicking on currency selector : [[ChromeDriver: chrome on windows (2a9041499a9a1ebe0f6f26876d159778)] -> xpath: //span[normalize-space()='Currency']]
2023-12-19 20:12:675 INFO  HomePage :72 - Clicking on currency GBP : [[ChromeDriver: chrome on windows (2a9041499a9a1ebe0f6f26876d159778)] -> xpath: //button[normalize-space()='£Pound Sterling']]
2023-12-19 20:12:864 INFO  HomePage :94 - Hovering mouse and clicking on Desktops tab : [[ChromeDriver: chrome on windows (2a9041499a9a1ebe0f6f26876d159778)] -> xpath: //a[@class='dropdown-toggle'][normalize-space()='Desktops']]
2023-12-19 20:12:308 INFO  HomePage :78 - Hovering mouse and Clicking on show all desktops : [[ChromeDriver: chrome on windows (2a9041499a9a1ebe0f6f26876d159778)] -> xpath: //a[normalize-space()='Show AllDesktops']]
2023-12-19 20:12:472 INFO  DesktopPage :43 - Clicking on sort by  option tab : [[ChromeDriver: chrome on windows (2a9041499a9a1ebe0f6f26876d159778)] -> id: input-sort]
2023-12-19 20:12:387 INFO  DesktopPage :48 - Selecting sort by (A to Z) option : [[ChromeDriver: chrome on windows (2a9041499a9a1ebe0f6f26876d159778)] -> id: input-sort]
2023-12-19 20:12:191 INFO  DesktopPage :98 - List Of Product : [[ChromeDriver: chrome on windows (2a9041499a9a1ebe0f6f26876d159778)] -> xpath: //h4/a]
2023-12-19 20:12:291 INFO  ProductPage :55 - Verify Product name : [[ChromeDriver: chrome on windows (2a9041499a9a1ebe0f6f26876d159778)] -> css selector: div[id='content'] h1]
2023-12-19 20:12:689 INFO  ShoppingCartPage :51 - Checking for shopping cart text : [[ChromeDriver: chrome on windows (2a9041499a9a1ebe0f6f26876d159778)] -> xpath: //div[@id='content']//h1]
2023-12-19 20:12:833 INFO  ShoppingCartPage :56 - Getting product name text in shopping cart : [[ChromeDriver: chrome on windows (2a9041499a9a1ebe0f6f26876d159778)] -> xpath: //div[@class = 'table-responsive']/table/tbody/tr/td[2]/a]
2023-12-19 20:12:885 INFO  ShoppingCartPage :66 - Getting model details in shopping cart : [[ChromeDriver: chrome on windows (2a9041499a9a1ebe0f6f26876d159778)] -> xpath: //div[@class = 'table-responsive']/table/tbody/tr/td[3]]
2023-12-19 20:12:953 INFO  ShoppingCartPage :71 - Getting total amount in shopping cart : [[ChromeDriver: chrome on windows (2a9041499a9a1ebe0f6f26876d159778)] -> xpath: //div[@class = 'table-responsive']/table/tbody/tr/td[6]]
2023-12-19 20:12:503 INFO  HomePage :70 - Clicking on currency selector : [[ChromeDriver: chrome on windows (ea08b16b70b2997120a2c0e0f5a53184)] -> xpath: //span[normalize-space()='Currency']]
2023-12-19 20:12:453 INFO  HomePage :72 - Clicking on currency GBP : [[ChromeDriver: chrome on windows (ea08b16b70b2997120a2c0e0f5a53184)] -> xpath: //button[normalize-space()='£Pound Sterling']]
2023-12-19 20:12:802 INFO  HomePage :94 - Hovering mouse and clicking on Desktops tab : [[ChromeDriver: chrome on windows (ea08b16b70b2997120a2c0e0f5a53184)] -> xpath: //a[@class='dropdown-toggle'][normalize-space()='Desktops']]
2023-12-19 20:12:723 INFO  HomePage :78 - Hovering mouse and Clicking on show all desktops : [[ChromeDriver: chrome on windows (ea08b16b70b2997120a2c0e0f5a53184)] -> xpath: //a[normalize-space()='Show AllDesktops']]
2023-12-19 20:12:875 INFO  DesktopPage :43 - Clicking on sort by  option tab : [[ChromeDriver: chrome on windows (ea08b16b70b2997120a2c0e0f5a53184)] -> id: input-sort]
2023-12-19 20:12:680 INFO  DesktopPage :48 - Selecting sort by (A to Z) option : [[ChromeDriver: chrome on windows (ea08b16b70b2997120a2c0e0f5a53184)] -> id: input-sort]
2023-12-19 20:12:97 INFO  DesktopPage :98 - List Of Product : [[ChromeDriver: chrome on windows (ea08b16b70b2997120a2c0e0f5a53184)] -> xpath: //h4/a]
2023-12-19 20:12:131 INFO  ProductPage :55 - Verify Product name : [[ChromeDriver: chrome on windows (ea08b16b70b2997120a2c0e0f5a53184)] -> css selector: div[id='content'] h1]
2023-12-19 20:12:722 INFO  ShoppingCartPage :51 - Checking for shopping cart text : [[ChromeDriver: chrome on windows (ea08b16b70b2997120a2c0e0f5a53184)] -> xpath: //div[@id='content']//h1]
2023-12-19 20:12:760 INFO  ShoppingCartPage :56 - Getting product name text in shopping cart : [[ChromeDriver: chrome on windows (ea08b16b70b2997120a2c0e0f5a53184)] -> xpath: //div[@class = 'table-responsive']/table/tbody/tr/td[2]/a]
2023-12-19 20:12:825 INFO  ShoppingCartPage :66 - Getting model details in shopping cart : [[ChromeDriver: chrome on windows (ea08b16b70b2997120a2c0e0f5a53184)] -> xpath: //div[@class = 'table-responsive']/table/tbody/tr/td[3]]
2023-12-19 20:12:861 INFO  ShoppingCartPage :71 - Getting total amount in shopping cart : [[ChromeDriver: chrome on windows (ea08b16b70b2997120a2c0e0f5a53184)] -> xpath: //div[@class = 'table-responsive']/table/tbody/tr/td[6]]
2023-12-19 20:12:895 INFO  HomePage :70 - Clicking on currency selector : [[ChromeDriver: chrome on windows (01ba299d43f3fb2a22763cf7448934e2)] -> xpath: //span[normalize-space()='Currency']]
2023-12-19 20:12:797 INFO  HomePage :72 - Clicking on currency GBP : [[ChromeDriver: chrome on windows (01ba299d43f3fb2a22763cf7448934e2)] -> xpath: //button[normalize-space()='£Pound Sterling']]
2023-12-19 20:12:200 INFO  HomePage :94 - Hovering mouse and clicking on Desktops tab : [[ChromeDriver: chrome on windows (01ba299d43f3fb2a22763cf7448934e2)] -> xpath: //a[@class='dropdown-toggle'][normalize-space()='Desktops']]
2023-12-19 20:12:703 INFO  HomePage :78 - Hovering mouse and Clicking on show all desktops : [[ChromeDriver: chrome on windows (01ba299d43f3fb2a22763cf7448934e2)] -> xpath: //a[normalize-space()='Show AllDesktops']]
2023-12-19 20:12:845 INFO  DesktopPage :43 - Clicking on sort by  option tab : [[ChromeDriver: chrome on windows (01ba299d43f3fb2a22763cf7448934e2)] -> id: input-sort]
2023-12-19 20:12:576 INFO  DesktopPage :48 - Selecting sort by (A to Z) option : [[ChromeDriver: chrome on windows (01ba299d43f3fb2a22763cf7448934e2)] -> id: input-sort]
2023-12-19 20:12:294 INFO  DesktopPage :98 - List Of Product : [[ChromeDriver: chrome on windows (01ba299d43f3fb2a22763cf7448934e2)] -> xpath: //h4/a]
2023-12-19 20:12:323 INFO  ProductPage :55 - Verify Product name : [[ChromeDriver: chrome on windows (01ba299d43f3fb2a22763cf7448934e2)] -> css selector: div[id='content'] h1]
2023-12-19 20:12:664 INFO  ShoppingCartPage :51 - Checking for shopping cart text : [[ChromeDriver: chrome on windows (01ba299d43f3fb2a22763cf7448934e2)] -> xpath: //div[@id='content']//h1]
2023-12-19 20:12:824 INFO  ShoppingCartPage :56 - Getting product name text in shopping cart : [[ChromeDriver: chrome on windows (01ba299d43f3fb2a22763cf7448934e2)] -> xpath: //div[@class = 'table-responsive']/table/tbody/tr/td[2]/a]
2023-12-19 20:12:868 INFO  ShoppingCartPage :66 - Getting model details in shopping cart : [[ChromeDriver: chrome on windows (01ba299d43f3fb2a22763cf7448934e2)] -> xpath: //div[@class = 'table-responsive']/table/tbody/tr/td[3]]
2023-12-19 20:12:929 INFO  ShoppingCartPage :71 - Getting total amount in shopping cart : [[ChromeDriver: chrome on windows (01ba299d43f3fb2a22763cf7448934e2)] -> xpath: //div[@class = 'table-responsive']/table/tbody/tr/td[6]]
2023-12-19 20:12:634 INFO  HomePage :99 - Hovering mouse and clicking on Laptops and Notebooks tab : [[ChromeDriver: chrome on windows (e706f3f85b1e0cc75cec2ba085ca09ea)] -> xpath: //a[normalize-space()='Laptops & Notebooks']]
2023-12-19 20:12:465 INFO  HomePage :82 - Hovering mouse and Clicking on show all Laptops and Notebooks : [[ChromeDriver: chrome on windows (e706f3f85b1e0cc75cec2ba085ca09ea)] -> xpath: //a[normalize-space()='Show AllLaptops & Notebooks']]
2023-12-19 20:12:568 INFO  LaptopAndNoteBookPage :54 - Clicking on SortBy filter drop down : [[ChromeDriver: chrome on windows (e706f3f85b1e0cc75cec2ba085ca09ea)] -> id: input-sort]
2023-12-19 20:12:339 INFO  LaptopAndNoteBookPage :58 - Selecting sort by Price(High>Low) option : [[ChromeDriver: chrome on windows (e706f3f85b1e0cc75cec2ba085ca09ea)] -> id: input-sort]
2023-12-19 20:12:473 INFO  LaptopAndNoteBookPage :68 - Taking actual sorted product prices : [[[ChromeDriver: chrome on windows (e706f3f85b1e0cc75cec2ba085ca09ea)] -> xpath: //p[@class ='price']], [[ChromeDriver: chrome on windows (e706f3f85b1e0cc75cec2ba085ca09ea)] -> xpath: //p[@class ='price']], [[ChromeDriver: chrome on windows (e706f3f85b1e0cc75cec2ba085ca09ea)] -> xpath: //p[@class ='price']], [[ChromeDriver: chrome on windows (e706f3f85b1e0cc75cec2ba085ca09ea)] -> xpath: //p[@class ='price']], [[ChromeDriver: chrome on windows (e706f3f85b1e0cc75cec2ba085ca09ea)] -> xpath: //p[@class ='price']]]
2023-12-19 20:12:552 INFO  LaptopAndNoteBookPage :81 - Taking the prices and sorting is by collection.sort : [[[ChromeDriver: chrome on windows (e706f3f85b1e0cc75cec2ba085ca09ea)] -> xpath: //p[@class ='price']], [[ChromeDriver: chrome on windows (e706f3f85b1e0cc75cec2ba085ca09ea)] -> xpath: //p[@class ='price']], [[ChromeDriver: chrome on windows (e706f3f85b1e0cc75cec2ba085ca09ea)] -> xpath: //p[@class ='price']], [[ChromeDriver: chrome on windows (e706f3f85b1e0cc75cec2ba085ca09ea)] -> xpath: //p[@class ='price']], [[ChromeDriver: chrome on windows (e706f3f85b1e0cc75cec2ba085ca09ea)] -> xpath: //p[@class ='price']]]
2023-12-19 20:12:902 INFO  HomePage :99 - Hovering mouse and clicking on Laptops and Notebooks tab : [[ChromeDriver: chrome on windows (c8b193ce7f33fc591f199f807d664d25)] -> xpath: //a[normalize-space()='Laptops & Notebooks']]
2023-12-19 20:12:24 INFO  HomePage :82 - Hovering mouse and Clicking on show all Laptops and Notebooks : [[ChromeDriver: chrome on windows (c8b193ce7f33fc591f199f807d664d25)] -> xpath: //a[normalize-space()='Show AllLaptops & Notebooks']]
2023-12-19 20:12:157 INFO  LaptopAndNoteBookPage :54 - Clicking on SortBy filter drop down : [[ChromeDriver: chrome on windows (c8b193ce7f33fc591f199f807d664d25)] -> id: input-sort]
2023-12-19 20:12:965 INFO  LaptopAndNoteBookPage :58 - Selecting sort by Price(High>Low) option : [[ChromeDriver: chrome on windows (c8b193ce7f33fc591f199f807d664d25)] -> id: input-sort]
2023-12-19 20:12:563 INFO  LaptopAndNoteBookPage :87 - Clicking on MacBook product link : [[ChromeDriver: chrome on windows (c8b193ce7f33fc591f199f807d664d25)] -> link text: MacBook]
2023-12-19 20:12:595 INFO  MacBookPage :31 - Getting text from macbook page : [[ChromeDriver: chrome on windows (c8b193ce7f33fc591f199f807d664d25)] -> xpath: //h1[contains(text(),'MacBook')]]
2023-12-19 20:12:705 INFO  MacBookPage :37 - Clicking on add to cart : [[ChromeDriver: chrome on windows (c8b193ce7f33fc591f199f807d664d25)] -> xpath: //button[@id='button-cart']]
2023-12-19 20:12:998 INFO  MacBookPage :41 - Checking for product added to cart successfully : [[ChromeDriver: chrome on windows (c8b193ce7f33fc591f199f807d664d25)] -> css selector: body:nth-child(2) div.container:nth-child(4) > div.alert.alert-success.alert-dismissible]
2023-12-19 20:12:635 INFO  MacBookPage :47 - Clicking on shopping cart : [[ChromeDriver: chrome on windows (c8b193ce7f33fc591f199f807d664d25)] -> xpath: //div[@class='alert alert-success alert-dismissible']/a[2]]
2023-12-19 20:12:699 INFO  ShoppingCartPage :51 - Checking for shopping cart text : [[ChromeDriver: chrome on windows (c8b193ce7f33fc591f199f807d664d25)] -> xpath: //div[@id='content']//h1]
2023-12-19 20:12:767 INFO  ShoppingCartPage :56 - Getting product name text in shopping cart : [[ChromeDriver: chrome on windows (c8b193ce7f33fc591f199f807d664d25)] -> xpath: //div[@class = 'table-responsive']/table/tbody/tr/td[2]/a]
2023-12-19 20:12:160 INFO  ShoppingCartPage :78 - Sending quantity to quantity box in shopping cart : [[ChromeDriver: chrome on windows (c8b193ce7f33fc591f199f807d664d25)] -> xpath: //div[@class='input-group btn-block']/input[@type='text']]
2023-12-19 20:12:18 INFO  ShoppingCartPage :83 - Clicking on refresh button : [[ChromeDriver: chrome on windows (c8b193ce7f33fc591f199f807d664d25)] -> xpath: //i[@class = 'fa fa-refresh']]
2023-12-19 20:12:57 INFO  ShoppingCartPage :87 - Checking for success message after refreshing the product : [[ChromeDriver: chrome on windows (c8b193ce7f33fc591f199f807d664d25)] -> xpath: //div[@id='checkout-cart']/div[1]]
2023-12-19 20:12:107 INFO  ShoppingCartPage :71 - Getting total amount in shopping cart : [[ChromeDriver: chrome on windows (c8b193ce7f33fc591f199f807d664d25)] -> xpath: //div[@class = 'table-responsive']/table/tbody/tr/td[6]]
2023-12-19 20:12:769 INFO  ShoppingCartPage :93 - Clicking on logout button : Proxy element for: DefaultElementLocator 'By.xpath: //i[@class = 'fa fa-refresh']'
2023-12-19 20:12:884 INFO  CheckOutPage :87 - Getting text from checkout page : [[ChromeDriver: chrome on windows (c8b193ce7f33fc591f199f807d664d25)] -> xpath: //h1[contains(text(),'Checkout')]]
2023-12-19 20:12:18 INFO  CheckOutPage :92 - Getting New Customer text : [[ChromeDriver: chrome on windows (c8b193ce7f33fc591f199f807d664d25)] -> xpath: //h2[contains(text(),'New Customer')]]
2023-12-19 20:12:237 INFO  CheckOutPage :98 - Clicking on Guest checkout radio button : [[ChromeDriver: chrome on windows (c8b193ce7f33fc591f199f807d664d25)] -> xpath: //div[@id='checkout-checkout']//input[@value='guest']]
2023-12-19 20:12:410 INFO  CheckOutPage :103 - Clicking on continue button : [[ChromeDriver: chrome on windows (c8b193ce7f33fc591f199f807d664d25)] -> xpath: //input[@id='button-account']]
2023-12-19 20:12:436 INFO  CheckOutPage :118 - Sending firstname to billing details : [[ChromeDriver: chrome on windows (c8b193ce7f33fc591f199f807d664d25)] -> id: input-payment-firstname]
2023-12-19 20:12:661 INFO  CheckOutPage :123 - Sending lastname to billing details : [[ChromeDriver: chrome on windows (c8b193ce7f33fc591f199f807d664d25)] -> id: input-payment-lastname]
2023-12-19 20:12:273 INFO  CheckOutPage :128 - Sending email to billing details : [[ChromeDriver: chrome on windows (c8b193ce7f33fc591f199f807d664d25)] -> id: input-payment-email]
2023-12-19 20:12:528 INFO  CheckOutPage :133 - Sending telephone to billing details : [[ChromeDriver: chrome on windows (c8b193ce7f33fc591f199f807d664d25)] -> id: input-payment-telephone]
2023-12-19 20:12:889 INFO  CheckOutPage :138 - Sending address to billing details : [[ChromeDriver: chrome on windows (c8b193ce7f33fc591f199f807d664d25)] -> id: input-payment-address-1]
2023-12-19 20:12:146 INFO  CheckOutPage :143 - Sending city to billing details : [[ChromeDriver: chrome on windows (c8b193ce7f33fc591f199f807d664d25)] -> id: input-payment-city]
2023-12-19 20:12:320 INFO  CheckOutPage :148 - Sending postcode to billing details : [[ChromeDriver: chrome on windows (c8b193ce7f33fc591f199f807d664d25)] -> id: input-payment-postcode]
2023-12-19 20:12:639 INFO  CheckOutPage :153 - Selecting country to billing details from dropdown : [[ChromeDriver: chrome on windows (c8b193ce7f33fc591f199f807d664d25)] -> id: input-payment-country]
2023-12-19 20:12:826 INFO  CheckOutPage :158 - Selecting region to billing details from dropdown : [[ChromeDriver: chrome on windows (c8b193ce7f33fc591f199f807d664d25)] -> id: input-payment-zone]
2023-12-19 20:12:942 INFO  CheckOutPage :108 - Clicking on continue button in billing details : [[ChromeDriver: chrome on windows (c8b193ce7f33fc591f199f807d664d25)] -> xpath: //input[@id='button-guest']]
2023-12-19 20:12:121 INFO  CheckOutPage :163 - Sending comments to billing details : [[ChromeDriver: chrome on windows (c8b193ce7f33fc591f199f807d664d25)] -> name: comment]
2023-12-19 20:12:245 INFO  CheckOutPage :168 - Clicking on terms and condition check box : [[ChromeDriver: chrome on windows (c8b193ce7f33fc591f199f807d664d25)] -> xpath: //input[@name = 'agree']]
2023-12-19 20:12:405 INFO  CheckOutPage :113 - Clicking on continue button in comments details : [[ChromeDriver: chrome on windows (c8b193ce7f33fc591f199f807d664d25)] -> id: button-payment-method]
2023-12-19 20:12:801 INFO  CheckOutPage :172 - Getting a payment method required warning message : [[ChromeDriver: chrome on windows (c8b193ce7f33fc591f199f807d664d25)] -> xpath: //div[@class='alert alert-danger alert-dismissible']]
2023-12-19 20:12:53 INFO  HomePage :122 - Clicking on My Accounts Tab : [[ChromeDriver: chrome on windows (21ed3668734210de432ce425d45e2069)] -> xpath: //span[contains(text(),'My Account')]]
2023-12-19 20:12:527 INFO  HomePage :126 - Getting text from Register Account : [[ChromeDriver: chrome on windows (21ed3668734210de432ce425d45e2069)] -> xpath: //h1[contains(text(),'Register Account')]]
2023-12-19 20:12:776 INFO  HomePage :122 - Clicking on My Accounts Tab : [[ChromeDriver: chrome on windows (3a662fe8fef8236be59d2420621c41eb)] -> xpath: //span[contains(text(),'My Account')]]
2023-12-19 20:12:710 INFO  HomePage :131 - Getting text from Login Account : [[ChromeDriver: chrome on windows (3a662fe8fef8236be59d2420621c41eb)] -> xpath: //h2[contains(text(),'Returning Customer')]]
2023-12-19 20:12:471 INFO  HomePage :122 - Clicking on My Accounts Tab : [[ChromeDriver: chrome on windows (cfd12c11835edde20320b7d41c526610)] -> xpath: //span[contains(text(),'My Account')]]
2023-12-19 20:12:270 INFO  RegisterPage :53 - Sending firstname to register page : [[ChromeDriver: chrome on windows (cfd12c11835edde20320b7d41c526610)] -> name: firstname]
2023-12-19 20:12:503 INFO  RegisterPage :58 - Sending lastname to register page : [[ChromeDriver: chrome on windows (cfd12c11835edde20320b7d41c526610)] -> name: lastname]
2023-12-19 20:12:913 INFO  RegisterPage :63 - Sending email to register page : [[ChromeDriver: chrome on windows (cfd12c11835edde20320b7d41c526610)] -> name: email]
2023-12-19 20:12:134 INFO  RegisterPage :68 - Sending telephone to register page : [[ChromeDriver: chrome on windows (cfd12c11835edde20320b7d41c526610)] -> name: telephone]
2023-12-19 20:12:286 INFO  RegisterPage :73 - Sending password to register page : [[ChromeDriver: chrome on windows (cfd12c11835edde20320b7d41c526610)] -> name: password]
2023-12-19 20:12:493 INFO  RegisterPage :78 - Sending confirm password to register page : [[ChromeDriver: chrome on windows (cfd12c11835edde20320b7d41c526610)] -> name: confirm]
2023-12-19 20:12:742 INFO  RegisterPage :83 - Clicking on newsletter check box : [[ChromeDriver: chrome on windows (cfd12c11835edde20320b7d41c526610)] -> name: newsletter]
2023-12-19 20:12:905 INFO  RegisterPage :88 - Clicking on privacy policy check box : [[ChromeDriver: chrome on windows (cfd12c11835edde20320b7d41c526610)] -> name: agree]
2023-12-19 20:12:138 INFO  RegisterPage :93 - Clicking on continue button : [[ChromeDriver: chrome on windows (cfd12c11835edde20320b7d41c526610)] -> xpath: //input[@type='submit']]
2023-12-19 20:12:224 INFO  AccountCreationPage :24 - Getting account creation text Proxy element for: DefaultElementLocator 'By.xpath: //h1[normalize-space()='Your Account Has Been Created!']'
2023-12-19 20:12:39 INFO  HomePage :122 - Clicking on My Accounts Tab : [[ChromeDriver: chrome on windows (c12add5843120bae34c6cd399d26b05e)] -> xpath: //span[contains(text(),'My Account')]]
2023-12-19 20:12:473 INFO  LoginPage :28 - Sending email to login page: [[ChromeDriver: chrome on windows (c12add5843120bae34c6cd399d26b05e)] -> name: email]
2023-12-19 20:12:639 INFO  LoginPage :33 - Sending password to login page: [[ChromeDriver: chrome on windows (c12add5843120bae34c6cd399d26b05e)] -> name: password]
2023-12-19 20:12:614 INFO  LoginPage :38 - Clicking on login button: [[ChromeDriver: chrome on windows (c12add5843120bae34c6cd399d26b05e)] -> xpath: //input[@value='Login']]
2023-12-19 20:12:658 INFO  AccountPage :55 - Getting text from my account : [[ChromeDriver: chrome on windows (c12add5843120bae34c6cd399d26b05e)] -> xpath: //div[@id='content']/h2[text()='My Account']]
2023-12-19 20:12:763 INFO  AccountPage :46 - Clicking on My Account link : [[ChromeDriver: chrome on windows (c12add5843120bae34c6cd399d26b05e)] -> xpath: //a[@title='My Account']]
2023-12-19 20:12:844 INFO  LogoutPage :19 - Getting text from logout page : [[ChromeDriver: chrome on windows (c12add5843120bae34c6cd399d26b05e)] -> xpath: //h1[contains(text(),'Account Logout')]]
2023-12-19 20:12:907 INFO  AccountCreationPage :29 - Clicking on continue after account button [[ChromeDriver: chrome on windows (c12add5843120bae34c6cd399d26b05e)] -> xpath: //a[text()='Continue']]
2023-12-19 20:12:677 INFO  HomePage :94 - Hovering mouse and clicking on Desktops tab : [[ChromeDriver: chrome on windows (bf8c689326e07928fa9e9446938c4696)] -> xpath: //a[@class='dropdown-toggle'][normalize-space()='Desktops']]
2023-12-19 20:12:154 INFO  HomePage :78 - Hovering mouse and Clicking on show all desktops : [[ChromeDriver: chrome on windows (bf8c689326e07928fa9e9446938c4696)] -> xpath: //a[normalize-space()='Show AllDesktops']]
2023-12-19 20:12:218 INFO  DesktopPage :37 - Getting text from desktops page : [[ChromeDriver: chrome on windows (bf8c689326e07928fa9e9446938c4696)] -> xpath: //h2[contains(text(),'Desktops')]]
2023-12-19 20:12:113 INFO  HomePage :99 - Hovering mouse and clicking on Laptops and Notebooks tab : [[ChromeDriver: chrome on windows (f99bc3c6a024bcb33dd4551f73b1d46d)] -> xpath: //a[normalize-space()='Laptops & Notebooks']]
2023-12-19 20:12:514 INFO  HomePage :82 - Hovering mouse and Clicking on show all Laptops and Notebooks : [[ChromeDriver: chrome on windows (f99bc3c6a024bcb33dd4551f73b1d46d)] -> xpath: //a[normalize-space()='Show AllLaptops & Notebooks']]
2023-12-19 20:12:581 INFO  LaptopAndNoteBookPage :35 - Getting text from Laptops and Notebooks page : [[ChromeDriver: chrome on windows (f99bc3c6a024bcb33dd4551f73b1d46d)] -> xpath: //h2[contains(text(),'Laptops & Notebooks')]]
2023-12-19 20:12:423 INFO  HomePage :104 - Hovering mouse and clicking on Components tab : [[ChromeDriver: chrome on windows (4ee165cd3c5310a8549233a7dcf82ca1)] -> xpath: //a[normalize-space()='Components']]
2023-12-19 20:12:310 INFO  HomePage :86 - Hovering mouse and Clicking on show all Components : [[ChromeDriver: chrome on windows (4ee165cd3c5310a8549233a7dcf82ca1)] -> xpath: //a[normalize-space()='Components']]
2023-12-19 20:12:342 INFO  ComponentsPage :19 - Getting text from components page : [[ChromeDriver: chrome on windows (4ee165cd3c5310a8549233a7dcf82ca1)] -> xpath: //h2[contains(text(),'Components')]]
2023-12-19 20:12:472 INFO  HomePage :94 - Hovering mouse and clicking on Desktops tab : [[ChromeDriver: chrome on windows (7b0d76ff62461b7b4ad8dcfa03da1805)] -> xpath: //a[@class='dropdown-toggle'][normalize-space()='Desktops']]
2023-12-19 20:12:343 INFO  HomePage :78 - Hovering mouse and Clicking on show all desktops : [[ChromeDriver: chrome on windows (7b0d76ff62461b7b4ad8dcfa03da1805)] -> xpath: //a[normalize-space()='Show AllDesktops']]
2023-12-19 20:12:524 INFO  DesktopPage :43 - Clicking on sort by  option tab : [[ChromeDriver: chrome on windows (7b0d76ff62461b7b4ad8dcfa03da1805)] -> id: input-sort]
2023-12-19 20:12:271 INFO  DesktopPage :48 - Selecting sort by (A to Z) option : [[ChromeDriver: chrome on windows (7b0d76ff62461b7b4ad8dcfa03da1805)] -> id: input-sort]
2023-12-19 20:12:344 INFO  HomePage :94 - Hovering mouse and clicking on Desktops tab : [[ChromeDriver: chrome on windows (b56ec85d1de58c1fb39db3aa06a87880)] -> xpath: //a[@class='dropdown-toggle'][normalize-space()='Desktops']]
2023-12-19 20:12:781 INFO  HomePage :78 - Hovering mouse and Clicking on show all desktops : [[ChromeDriver: chrome on windows (b56ec85d1de58c1fb39db3aa06a87880)] -> xpath: //a[normalize-space()='Show AllDesktops']]
2023-12-19 20:12:974 INFO  DesktopPage :43 - Clicking on sort by  option tab : [[ChromeDriver: chrome on windows (b56ec85d1de58c1fb39db3aa06a87880)] -> id: input-sort]
2023-12-19 20:12:811 INFO  DesktopPage :48 - Selecting sort by (A to Z) option : [[ChromeDriver: chrome on windows (b56ec85d1de58c1fb39db3aa06a87880)] -> id: input-sort]
2023-12-19 20:12:514 INFO  HomePage :70 - Clicking on currency selector : [[ChromeDriver: chrome on windows (a53e5ba6bcbca33e3842afa8e2b64c09)] -> xpath: //span[normalize-space()='Currency']]
2023-12-19 20:12:689 INFO  HomePage :72 - Clicking on currency GBP : [[ChromeDriver: chrome on windows (a53e5ba6bcbca33e3842afa8e2b64c09)] -> xpath: //button[normalize-space()='£Pound Sterling']]
2023-12-19 20:12:953 INFO  HomePage :94 - Hovering mouse and clicking on Desktops tab : [[ChromeDriver: chrome on windows (a53e5ba6bcbca33e3842afa8e2b64c09)] -> xpath: //a[@class='dropdown-toggle'][normalize-space()='Desktops']]
2023-12-19 20:12:571 INFO  HomePage :78 - Hovering mouse and Clicking on show all desktops : [[ChromeDriver: chrome on windows (a53e5ba6bcbca33e3842afa8e2b64c09)] -> xpath: //a[normalize-space()='Show AllDesktops']]
2023-12-19 20:12:688 INFO  DesktopPage :43 - Clicking on sort by  option tab : [[ChromeDriver: chrome on windows (a53e5ba6bcbca33e3842afa8e2b64c09)] -> id: input-sort]
2023-12-19 20:12:451 INFO  DesktopPage :48 - Selecting sort by (A to Z) option : [[ChromeDriver: chrome on windows (a53e5ba6bcbca33e3842afa8e2b64c09)] -> id: input-sort]
2023-12-19 20:12:41 INFO  DesktopPage :98 - List Of Product : [[ChromeDriver: chrome on windows (a53e5ba6bcbca33e3842afa8e2b64c09)] -> xpath: //h4/a]
2023-12-19 20:12:106 INFO  ProductPage :55 - Verify Product name : [[ChromeDriver: chrome on windows (a53e5ba6bcbca33e3842afa8e2b64c09)] -> css selector: div[id='content'] h1]
2023-12-19 20:12:637 INFO  HomePage :70 - Clicking on currency selector : [[ChromeDriver: chrome on windows (bd1bd0865090f88b35532fcb38789b65)] -> xpath: //span[normalize-space()='Currency']]
2023-12-19 20:12:777 INFO  HomePage :72 - Clicking on currency GBP : [[ChromeDriver: chrome on windows (bd1bd0865090f88b35532fcb38789b65)] -> xpath: //button[normalize-space()='£Pound Sterling']]
2023-12-19 20:12:132 INFO  HomePage :94 - Hovering mouse and clicking on Desktops tab : [[ChromeDriver: chrome on windows (bd1bd0865090f88b35532fcb38789b65)] -> xpath: //a[@class='dropdown-toggle'][normalize-space()='Desktops']]
2023-12-19 20:12:38 INFO  HomePage :78 - Hovering mouse and Clicking on show all desktops : [[ChromeDriver: chrome on windows (bd1bd0865090f88b35532fcb38789b65)] -> xpath: //a[normalize-space()='Show AllDesktops']]
2023-12-19 20:12:273 INFO  DesktopPage :43 - Clicking on sort by  option tab : [[ChromeDriver: chrome on windows (bd1bd0865090f88b35532fcb38789b65)] -> id: input-sort]
2023-12-19 20:12:123 INFO  DesktopPage :48 - Selecting sort by (A to Z) option : [[ChromeDriver: chrome on windows (bd1bd0865090f88b35532fcb38789b65)] -> id: input-sort]
2023-12-19 20:12:434 INFO  DesktopPage :98 - List Of Product : [[ChromeDriver: chrome on windows (bd1bd0865090f88b35532fcb38789b65)] -> xpath: //h4/a]
2023-12-19 20:12:481 INFO  ProductPage :55 - Verify Product name : [[ChromeDriver: chrome on windows (bd1bd0865090f88b35532fcb38789b65)] -> css selector: div[id='content'] h1]
2023-12-19 20:12:605 INFO  ShoppingCartPage :51 - Checking for shopping cart text : [[ChromeDriver: chrome on windows (bd1bd0865090f88b35532fcb38789b65)] -> xpath: //div[@id='content']//h1]
2023-12-19 20:12:720 INFO  ShoppingCartPage :56 - Getting product name text in shopping cart : [[ChromeDriver: chrome on windows (bd1bd0865090f88b35532fcb38789b65)] -> xpath: //div[@class = 'table-responsive']/table/tbody/tr/td[2]/a]
2023-12-19 20:12:782 INFO  ShoppingCartPage :66 - Getting model details in shopping cart : [[ChromeDriver: chrome on windows (bd1bd0865090f88b35532fcb38789b65)] -> xpath: //div[@class = 'table-responsive']/table/tbody/tr/td[3]]
2023-12-19 20:12:854 INFO  ShoppingCartPage :71 - Getting total amount in shopping cart : [[ChromeDriver: chrome on windows (bd1bd0865090f88b35532fcb38789b65)] -> xpath: //div[@class = 'table-responsive']/table/tbody/tr/td[6]]
2023-12-19 20:12:184 INFO  HomePage :70 - Clicking on currency selector : [[ChromeDriver: chrome on windows (eb098c1021d3af0cc9c70fa41812b736)] -> xpath: //span[normalize-space()='Currency']]
2023-12-19 20:12:311 INFO  HomePage :72 - Clicking on currency GBP : [[ChromeDriver: chrome on windows (eb098c1021d3af0cc9c70fa41812b736)] -> xpath: //button[normalize-space()='£Pound Sterling']]
2023-12-19 20:12:567 INFO  HomePage :94 - Hovering mouse and clicking on Desktops tab : [[ChromeDriver: chrome on windows (eb098c1021d3af0cc9c70fa41812b736)] -> xpath: //a[@class='dropdown-toggle'][normalize-space()='Desktops']]
2023-12-19 20:12:944 INFO  HomePage :78 - Hovering mouse and Clicking on show all desktops : [[ChromeDriver: chrome on windows (eb098c1021d3af0cc9c70fa41812b736)] -> xpath: //a[normalize-space()='Show AllDesktops']]
2023-12-19 20:12:105 INFO  DesktopPage :43 - Clicking on sort by  option tab : [[ChromeDriver: chrome on windows (eb098c1021d3af0cc9c70fa41812b736)] -> id: input-sort]
2023-12-19 20:12:95 INFO  DesktopPage :48 - Selecting sort by (A to Z) option : [[ChromeDriver: chrome on windows (eb098c1021d3af0cc9c70fa41812b736)] -> id: input-sort]
2023-12-19 20:12:675 INFO  DesktopPage :98 - List Of Product : [[ChromeDriver: chrome on windows (eb098c1021d3af0cc9c70fa41812b736)] -> xpath: //h4/a]
2023-12-19 20:12:704 INFO  ProductPage :55 - Verify Product name : [[ChromeDriver: chrome on windows (eb098c1021d3af0cc9c70fa41812b736)] -> css selector: div[id='content'] h1]
2023-12-19 20:12:288 INFO  ShoppingCartPage :51 - Checking for shopping cart text : [[ChromeDriver: chrome on windows (eb098c1021d3af0cc9c70fa41812b736)] -> xpath: //div[@id='content']//h1]
2023-12-19 20:12:417 INFO  ShoppingCartPage :56 - Getting product name text in shopping cart : [[ChromeDriver: chrome on windows (eb098c1021d3af0cc9c70fa41812b736)] -> xpath: //div[@class = 'table-responsive']/table/tbody/tr/td[2]/a]
2023-12-19 20:12:460 INFO  ShoppingCartPage :66 - Getting model details in shopping cart : [[ChromeDriver: chrome on windows (eb098c1021d3af0cc9c70fa41812b736)] -> xpath: //div[@class = 'table-responsive']/table/tbody/tr/td[3]]
2023-12-19 20:12:507 INFO  ShoppingCartPage :71 - Getting total amount in shopping cart : [[ChromeDriver: chrome on windows (eb098c1021d3af0cc9c70fa41812b736)] -> xpath: //div[@class = 'table-responsive']/table/tbody/tr/td[6]]
2023-12-19 20:12:410 INFO  HomePage :70 - Clicking on currency selector : [[ChromeDriver: chrome on windows (45d32ed8993e4abf4a881b3374f98af5)] -> xpath: //span[normalize-space()='Currency']]
2023-12-19 20:12:392 INFO  HomePage :72 - Clicking on currency GBP : [[ChromeDriver: chrome on windows (45d32ed8993e4abf4a881b3374f98af5)] -> xpath: //button[normalize-space()='£Pound Sterling']]
2023-12-19 20:12:594 INFO  HomePage :94 - Hovering mouse and clicking on Desktops tab : [[ChromeDriver: chrome on windows (45d32ed8993e4abf4a881b3374f98af5)] -> xpath: //a[@class='dropdown-toggle'][normalize-space()='Desktops']]
2023-12-19 20:12:903 INFO  HomePage :78 - Hovering mouse and Clicking on show all desktops : [[ChromeDriver: chrome on windows (45d32ed8993e4abf4a881b3374f98af5)] -> xpath: //a[normalize-space()='Show AllDesktops']]
2023-12-19 20:12:79 INFO  DesktopPage :43 - Clicking on sort by  option tab : [[ChromeDriver: chrome on windows (45d32ed8993e4abf4a881b3374f98af5)] -> id: input-sort]
2023-12-19 20:12:928 INFO  DesktopPage :48 - Selecting sort by (A to Z) option : [[ChromeDriver: chrome on windows (45d32ed8993e4abf4a881b3374f98af5)] -> id: input-sort]
2023-12-19 20:12:640 INFO  DesktopPage :98 - List Of Product : [[ChromeDriver: chrome on windows (45d32ed8993e4abf4a881b3374f98af5)] -> xpath: //h4/a]
2023-12-19 20:12:675 INFO  ProductPage :55 - Verify Product name : [[ChromeDriver: chrome on windows (45d32ed8993e4abf4a881b3374f98af5)] -> css selector: div[id='content'] h1]
2023-12-19 20:12:248 INFO  ShoppingCartPage :51 - Checking for shopping cart text : [[ChromeDriver: chrome on windows (45d32ed8993e4abf4a881b3374f98af5)] -> xpath: //div[@id='content']//h1]
2023-12-19 20:12:366 INFO  ShoppingCartPage :56 - Getting product name text in shopping cart : [[ChromeDriver: chrome on windows (45d32ed8993e4abf4a881b3374f98af5)] -> xpath: //div[@class = 'table-responsive']/table/tbody/tr/td[2]/a]
2023-12-19 20:12:494 INFO  ShoppingCartPage :66 - Getting model details in shopping cart : [[ChromeDriver: chrome on windows (45d32ed8993e4abf4a881b3374f98af5)] -> xpath: //div[@class = 'table-responsive']/table/tbody/tr/td[3]]
2023-12-19 20:12:634 INFO  ShoppingCartPage :71 - Getting total amount in shopping cart : [[ChromeDriver: chrome on windows (45d32ed8993e4abf4a881b3374f98af5)] -> xpath: //div[@class = 'table-responsive']/table/tbody/tr/td[6]]
2023-12-19 20:12:925 INFO  HomePage :70 - Clicking on currency selector : [[ChromeDriver: chrome on windows (0c2a24e12361df10d8a65e522e5fd3be)] -> xpath: //span[normalize-space()='Currency']]
2023-12-19 20:12:184 INFO  HomePage :72 - Clicking on currency GBP : [[ChromeDriver: chrome on windows (0c2a24e12361df10d8a65e522e5fd3be)] -> xpath: //button[normalize-space()='£Pound Sterling']]
2023-12-19 20:12:423 INFO  HomePage :94 - Hovering mouse and clicking on Desktops tab : [[ChromeDriver: chrome on windows (0c2a24e12361df10d8a65e522e5fd3be)] -> xpath: //a[@class='dropdown-toggle'][normalize-space()='Desktops']]
2023-12-19 20:12:786 INFO  HomePage :78 - Hovering mouse and Clicking on show all desktops : [[ChromeDriver: chrome on windows (0c2a24e12361df10d8a65e522e5fd3be)] -> xpath: //a[normalize-space()='Show AllDesktops']]
2023-12-19 20:12:05 INFO  DesktopPage :43 - Clicking on sort by  option tab : [[ChromeDriver: chrome on windows (0c2a24e12361df10d8a65e522e5fd3be)] -> id: input-sort]
2023-12-19 20:12:878 INFO  DesktopPage :48 - Selecting sort by (A to Z) option : [[ChromeDriver: chrome on windows (0c2a24e12361df10d8a65e522e5fd3be)] -> id: input-sort]
2023-12-19 20:12:980 INFO  DesktopPage :98 - List Of Product : [[ChromeDriver: chrome on windows (0c2a24e12361df10d8a65e522e5fd3be)] -> xpath: //h4/a]
2023-12-19 20:12:15 INFO  ProductPage :55 - Verify Product name : [[ChromeDriver: chrome on windows (0c2a24e12361df10d8a65e522e5fd3be)] -> css selector: div[id='content'] h1]
2023-12-19 20:12:827 INFO  ShoppingCartPage :51 - Checking for shopping cart text : [[ChromeDriver: chrome on windows (0c2a24e12361df10d8a65e522e5fd3be)] -> xpath: //div[@id='content']//h1]
2023-12-19 20:12:895 INFO  ShoppingCartPage :56 - Getting product name text in shopping cart : [[ChromeDriver: chrome on windows (0c2a24e12361df10d8a65e522e5fd3be)] -> xpath: //div[@class = 'table-responsive']/table/tbody/tr/td[2]/a]
2023-12-19 20:12:971 INFO  ShoppingCartPage :66 - Getting model details in shopping cart : [[ChromeDriver: chrome on windows (0c2a24e12361df10d8a65e522e5fd3be)] -> xpath: //div[@class = 'table-responsive']/table/tbody/tr/td[3]]
2023-12-19 20:12:37 INFO  ShoppingCartPage :71 - Getting total amount in shopping cart : [[ChromeDriver: chrome on windows (0c2a24e12361df10d8a65e522e5fd3be)] -> xpath: //div[@class = 'table-responsive']/table/tbody/tr/td[6]]
2023-12-19 20:12:209 INFO  HomePage :70 - Clicking on currency selector : [[ChromeDriver: chrome on windows (33915dbdc7c46a8bae1cdce707f4648b)] -> xpath: //span[normalize-space()='Currency']]
2023-12-19 20:12:454 INFO  HomePage :72 - Clicking on currency GBP : [[ChromeDriver: chrome on windows (33915dbdc7c46a8bae1cdce707f4648b)] -> xpath: //button[normalize-space()='£Pound Sterling']]
2023-12-19 20:12:649 INFO  HomePage :94 - Hovering mouse and clicking on Desktops tab : [[ChromeDriver: chrome on windows (33915dbdc7c46a8bae1cdce707f4648b)] -> xpath: //a[@class='dropdown-toggle'][normalize-space()='Desktops']]
2023-12-19 20:12:954 INFO  HomePage :78 - Hovering mouse and Clicking on show all desktops : [[ChromeDriver: chrome on windows (33915dbdc7c46a8bae1cdce707f4648b)] -> xpath: //a[normalize-space()='Show AllDesktops']]
2023-12-19 20:12:64 INFO  DesktopPage :43 - Clicking on sort by  option tab : [[ChromeDriver: chrome on windows (33915dbdc7c46a8bae1cdce707f4648b)] -> id: input-sort]
2023-12-19 20:12:910 INFO  DesktopPage :48 - Selecting sort by (A to Z) option : [[ChromeDriver: chrome on windows (33915dbdc7c46a8bae1cdce707f4648b)] -> id: input-sort]
2023-12-19 20:12:875 INFO  DesktopPage :98 - List Of Product : [[ChromeDriver: chrome on windows (33915dbdc7c46a8bae1cdce707f4648b)] -> xpath: //h4/a]
2023-12-19 20:12:932 INFO  ProductPage :55 - Verify Product name : [[ChromeDriver: chrome on windows (33915dbdc7c46a8bae1cdce707f4648b)] -> css selector: div[id='content'] h1]
2023-12-19 20:12:323 INFO  ShoppingCartPage :51 - Checking for shopping cart text : [[ChromeDriver: chrome on windows (33915dbdc7c46a8bae1cdce707f4648b)] -> xpath: //div[@id='content']//h1]
2023-12-19 20:12:534 INFO  ShoppingCartPage :56 - Getting product name text in shopping cart : [[ChromeDriver: chrome on windows (33915dbdc7c46a8bae1cdce707f4648b)] -> xpath: //div[@class = 'table-responsive']/table/tbody/tr/td[2]/a]
2023-12-19 20:12:571 INFO  ShoppingCartPage :66 - Getting model details in shopping cart : [[ChromeDriver: chrome on windows (33915dbdc7c46a8bae1cdce707f4648b)] -> xpath: //div[@class = 'table-responsive']/table/tbody/tr/td[3]]
2023-12-19 20:12:605 INFO  ShoppingCartPage :71 - Getting total amount in shopping cart : [[ChromeDriver: chrome on windows (33915dbdc7c46a8bae1cdce707f4648b)] -> xpath: //div[@class = 'table-responsive']/table/tbody/tr/td[6]]
2023-12-19 20:12:635 INFO  HomePage :99 - Hovering mouse and clicking on Laptops and Notebooks tab : [[ChromeDriver: chrome on windows (407c73d1366500a9d64655ba497640c3)] -> xpath: //a[normalize-space()='Laptops & Notebooks']]
2023-12-19 20:12:421 INFO  HomePage :82 - Hovering mouse and Clicking on show all Laptops and Notebooks : [[ChromeDriver: chrome on windows (407c73d1366500a9d64655ba497640c3)] -> xpath: //a[normalize-space()='Show AllLaptops & Notebooks']]
2023-12-19 20:12:566 INFO  LaptopAndNoteBookPage :54 - Clicking on SortBy filter drop down : [[ChromeDriver: chrome on windows (407c73d1366500a9d64655ba497640c3)] -> id: input-sort]
2023-12-19 20:12:426 INFO  LaptopAndNoteBookPage :58 - Selecting sort by Price(High>Low) option : [[ChromeDriver: chrome on windows (407c73d1366500a9d64655ba497640c3)] -> id: input-sort]
2023-12-19 20:12:631 INFO  LaptopAndNoteBookPage :68 - Taking actual sorted product prices : [[[ChromeDriver: chrome on windows (407c73d1366500a9d64655ba497640c3)] -> xpath: //p[@class ='price']], [[ChromeDriver: chrome on windows (407c73d1366500a9d64655ba497640c3)] -> xpath: //p[@class ='price']], [[ChromeDriver: chrome on windows (407c73d1366500a9d64655ba497640c3)] -> xpath: //p[@class ='price']], [[ChromeDriver: chrome on windows (407c73d1366500a9d64655ba497640c3)] -> xpath: //p[@class ='price']], [[ChromeDriver: chrome on windows (407c73d1366500a9d64655ba497640c3)] -> xpath: //p[@class ='price']]]
2023-12-19 20:12:746 INFO  LaptopAndNoteBookPage :81 - Taking the prices and sorting is by collection.sort : [[[ChromeDriver: chrome on windows (407c73d1366500a9d64655ba497640c3)] -> xpath: //p[@class ='price']], [[ChromeDriver: chrome on windows (407c73d1366500a9d64655ba497640c3)] -> xpath: //p[@class ='price']], [[ChromeDriver: chrome on windows (407c73d1366500a9d64655ba497640c3)] -> xpath: //p[@class ='price']], [[ChromeDriver: chrome on windows (407c73d1366500a9d64655ba497640c3)] -> xpath: //p[@class ='price']], [[ChromeDriver: chrome on windows (407c73d1366500a9d64655ba497640c3)] -> xpath: //p[@class ='price']]]
2023-12-19 20:12:193 INFO  HomePage :99 - Hovering mouse and clicking on Laptops and Notebooks tab : [[ChromeDriver: chrome on windows (56009c0ff1f09761636d8ff1521e66c8)] -> xpath: //a[normalize-space()='Laptops & Notebooks']]
2023-12-19 20:12:359 INFO  HomePage :82 - Hovering mouse and Clicking on show all Laptops and Notebooks : [[ChromeDriver: chrome on windows (56009c0ff1f09761636d8ff1521e66c8)] -> xpath: //a[normalize-space()='Show AllLaptops & Notebooks']]
2023-12-19 20:12:561 INFO  LaptopAndNoteBookPage :54 - Clicking on SortBy filter drop down : [[ChromeDriver: chrome on windows (56009c0ff1f09761636d8ff1521e66c8)] -> id: input-sort]
2023-12-19 20:12:318 INFO  LaptopAndNoteBookPage :58 - Selecting sort by Price(High>Low) option : [[ChromeDriver: chrome on windows (56009c0ff1f09761636d8ff1521e66c8)] -> id: input-sort]
2023-12-19 20:12:985 INFO  LaptopAndNoteBookPage :87 - Clicking on MacBook product link : [[ChromeDriver: chrome on windows (56009c0ff1f09761636d8ff1521e66c8)] -> link text: MacBook]
2023-12-19 20:12:26 INFO  MacBookPage :31 - Getting text from macbook page : [[ChromeDriver: chrome on windows (56009c0ff1f09761636d8ff1521e66c8)] -> xpath: //h1[contains(text(),'MacBook')]]
2023-12-19 20:12:164 INFO  MacBookPage :37 - Clicking on add to cart : [[ChromeDriver: chrome on windows (56009c0ff1f09761636d8ff1521e66c8)] -> xpath: //button[@id='button-cart']]
2023-12-19 20:12:493 INFO  MacBookPage :41 - Checking for product added to cart successfully : [[ChromeDriver: chrome on windows (56009c0ff1f09761636d8ff1521e66c8)] -> css selector: body:nth-child(2) div.container:nth-child(4) > div.alert.alert-success.alert-dismissible]
2023-12-19 20:12:75 INFO  MacBookPage :47 - Clicking on shopping cart : [[ChromeDriver: chrome on windows (56009c0ff1f09761636d8ff1521e66c8)] -> xpath: //div[@class='alert alert-success alert-dismissible']/a[2]]
2023-12-19 20:12:151 INFO  ShoppingCartPage :51 - Checking for shopping cart text : [[ChromeDriver: chrome on windows (56009c0ff1f09761636d8ff1521e66c8)] -> xpath: //div[@id='content']//h1]
2023-12-19 20:12:294 INFO  ShoppingCartPage :56 - Getting product name text in shopping cart : [[ChromeDriver: chrome on windows (56009c0ff1f09761636d8ff1521e66c8)] -> xpath: //div[@class = 'table-responsive']/table/tbody/tr/td[2]/a]
2023-12-19 20:12:556 INFO  ShoppingCartPage :78 - Sending quantity to quantity box in shopping cart : [[ChromeDriver: chrome on windows (56009c0ff1f09761636d8ff1521e66c8)] -> xpath: //div[@class='input-group btn-block']/input[@type='text']]
2023-12-19 20:12:537 INFO  ShoppingCartPage :83 - Clicking on refresh button : [[ChromeDriver: chrome on windows (56009c0ff1f09761636d8ff1521e66c8)] -> xpath: //i[@class = 'fa fa-refresh']]
2023-12-19 20:12:592 INFO  ShoppingCartPage :87 - Checking for success message after refreshing the product : [[ChromeDriver: chrome on windows (56009c0ff1f09761636d8ff1521e66c8)] -> xpath: //div[@id='checkout-cart']/div[1]]
2023-12-19 20:12:643 INFO  ShoppingCartPage :71 - Getting total amount in shopping cart : [[ChromeDriver: chrome on windows (56009c0ff1f09761636d8ff1521e66c8)] -> xpath: //div[@class = 'table-responsive']/table/tbody/tr/td[6]]
2023-12-19 20:12:416 INFO  ShoppingCartPage :93 - Clicking on logout button : Proxy element for: DefaultElementLocator 'By.xpath: //i[@class = 'fa fa-refresh']'
2023-12-19 20:12:455 INFO  CheckOutPage :87 - Getting text from checkout page : [[ChromeDriver: chrome on windows (56009c0ff1f09761636d8ff1521e66c8)] -> xpath: //h1[contains(text(),'Checkout')]]
2023-12-19 20:12:525 INFO  CheckOutPage :92 - Getting New Customer text : [[ChromeDriver: chrome on windows (56009c0ff1f09761636d8ff1521e66c8)] -> xpath: //h2[contains(text(),'New Customer')]]
2023-12-19 20:12:835 INFO  CheckOutPage :98 - Clicking on Guest checkout radio button : [[ChromeDriver: chrome on windows (56009c0ff1f09761636d8ff1521e66c8)] -> xpath: //div[@id='checkout-checkout']//input[@value='guest']]
2023-12-19 20:12:985 INFO  CheckOutPage :103 - Clicking on continue button : [[ChromeDriver: chrome on windows (56009c0ff1f09761636d8ff1521e66c8)] -> xpath: //input[@id='button-account']]
2023-12-19 20:12:447 INFO  CheckOutPage :118 - Sending firstname to billing details : [[ChromeDriver: chrome on windows (56009c0ff1f09761636d8ff1521e66c8)] -> id: input-payment-firstname]
2023-12-19 20:12:803 INFO  CheckOutPage :123 - Sending lastname to billing details : [[ChromeDriver: chrome on windows (56009c0ff1f09761636d8ff1521e66c8)] -> id: input-payment-lastname]
2023-12-19 20:12:308 INFO  CheckOutPage :128 - Sending email to billing details : [[ChromeDriver: chrome on windows (56009c0ff1f09761636d8ff1521e66c8)] -> id: input-payment-email]
2023-12-19 20:12:772 INFO  CheckOutPage :133 - Sending telephone to billing details : [[ChromeDriver: chrome on windows (56009c0ff1f09761636d8ff1521e66c8)] -> id: input-payment-telephone]
2023-12-19 20:12:57 INFO  CheckOutPage :138 - Sending address to billing details : [[ChromeDriver: chrome on windows (56009c0ff1f09761636d8ff1521e66c8)] -> id: input-payment-address-1]
2023-12-19 20:12:467 INFO  CheckOutPage :143 - Sending city to billing details : [[ChromeDriver: chrome on windows (56009c0ff1f09761636d8ff1521e66c8)] -> id: input-payment-city]
2023-12-19 20:12:817 INFO  CheckOutPage :148 - Sending postcode to billing details : [[ChromeDriver: chrome on windows (56009c0ff1f09761636d8ff1521e66c8)] -> id: input-payment-postcode]
2023-12-19 20:12:193 INFO  CheckOutPage :153 - Selecting country to billing details from dropdown : [[ChromeDriver: chrome on windows (56009c0ff1f09761636d8ff1521e66c8)] -> id: input-payment-country]
2023-12-19 20:12:510 INFO  CheckOutPage :158 - Selecting region to billing details from dropdown : [[ChromeDriver: chrome on windows (56009c0ff1f09761636d8ff1521e66c8)] -> id: input-payment-zone]
2023-12-19 20:12:676 INFO  CheckOutPage :108 - Clicking on continue button in billing details : [[ChromeDriver: chrome on windows (56009c0ff1f09761636d8ff1521e66c8)] -> xpath: //input[@id='button-guest']]
2023-12-19 20:12:299 INFO  CheckOutPage :163 - Sending comments to billing details : [[ChromeDriver: chrome on windows (56009c0ff1f09761636d8ff1521e66c8)] -> name: comment]
2023-12-19 20:12:473 INFO  CheckOutPage :168 - Clicking on terms and condition check box : [[ChromeDriver: chrome on windows (56009c0ff1f09761636d8ff1521e66c8)] -> xpath: //input[@name = 'agree']]
2023-12-19 20:12:672 INFO  CheckOutPage :113 - Clicking on continue button in comments details : [[ChromeDriver: chrome on windows (56009c0ff1f09761636d8ff1521e66c8)] -> id: button-payment-method]
2023-12-19 20:12:207 INFO  CheckOutPage :172 - Getting a payment method required warning message : [[ChromeDriver: chrome on windows (56009c0ff1f09761636d8ff1521e66c8)] -> xpath: //div[@class='alert alert-danger alert-dismissible']]
2023-12-19 20:12:883 INFO  HomePage :122 - Clicking on My Accounts Tab : [[ChromeDriver: chrome on windows (97fcf9f5177e3675dc68520923ef2bda)] -> xpath: //span[contains(text(),'My Account')]]
2023-12-19 21:12:165 INFO  HomePage :126 - Getting text from Register Account : [[ChromeDriver: chrome on windows (97fcf9f5177e3675dc68520923ef2bda)] -> xpath: //h1[contains(text(),'Register Account')]]
2023-12-19 21:12:788 INFO  HomePage :122 - Clicking on My Accounts Tab : [[ChromeDriver: chrome on windows (003c8a381dd592149aae692e310c8318)] -> xpath: //span[contains(text(),'My Account')]]
2023-12-19 21:12:704 INFO  HomePage :131 - Getting text from Login Account : [[ChromeDriver: chrome on windows (003c8a381dd592149aae692e310c8318)] -> xpath: //h2[contains(text(),'Returning Customer')]]
2023-12-19 21:12:279 INFO  HomePage :122 - Clicking on My Accounts Tab : [[ChromeDriver: chrome on windows (6965d9a65da20c30eef626e854f42af4)] -> xpath: //span[contains(text(),'My Account')]]
2023-12-19 21:12:759 INFO  RegisterPage :53 - Sending firstname to register page : [[ChromeDriver: chrome on windows (6965d9a65da20c30eef626e854f42af4)] -> name: firstname]
2023-12-19 21:12:15 INFO  RegisterPage :58 - Sending lastname to register page : [[ChromeDriver: chrome on windows (6965d9a65da20c30eef626e854f42af4)] -> name: lastname]
2023-12-19 21:12:358 INFO  RegisterPage :63 - Sending email to register page : [[ChromeDriver: chrome on windows (6965d9a65da20c30eef626e854f42af4)] -> name: email]
2023-12-19 21:12:647 INFO  RegisterPage :68 - Sending telephone to register page : [[ChromeDriver: chrome on windows (6965d9a65da20c30eef626e854f42af4)] -> name: telephone]
2023-12-19 21:12:895 INFO  RegisterPage :73 - Sending password to register page : [[ChromeDriver: chrome on windows (6965d9a65da20c30eef626e854f42af4)] -> name: password]
2023-12-19 21:12:307 INFO  RegisterPage :78 - Sending confirm password to register page : [[ChromeDriver: chrome on windows (6965d9a65da20c30eef626e854f42af4)] -> name: confirm]
2023-12-19 21:12:599 INFO  RegisterPage :83 - Clicking on newsletter check box : [[ChromeDriver: chrome on windows (6965d9a65da20c30eef626e854f42af4)] -> name: newsletter]
2023-12-19 21:12:994 INFO  RegisterPage :88 - Clicking on privacy policy check box : [[ChromeDriver: chrome on windows (6965d9a65da20c30eef626e854f42af4)] -> name: agree]
2023-12-19 21:12:878 INFO  RegisterPage :93 - Clicking on continue button : [[ChromeDriver: chrome on windows (6965d9a65da20c30eef626e854f42af4)] -> xpath: //input[@type='submit']]
2023-12-19 21:12:998 INFO  AccountCreationPage :24 - Getting account creation text Proxy element for: DefaultElementLocator 'By.xpath: //h1[normalize-space()='Your Account Has Been Created!']'
2023-12-19 21:12:179 INFO  HomePage :122 - Clicking on My Accounts Tab : [[ChromeDriver: chrome on windows (adc3855c7108f0855b7e906aa2ae6484)] -> xpath: //span[contains(text(),'My Account')]]
2023-12-19 21:12:818 INFO  LoginPage :28 - Sending email to login page: [[ChromeDriver: chrome on windows (adc3855c7108f0855b7e906aa2ae6484)] -> name: email]
2023-12-19 21:12:966 INFO  LoginPage :33 - Sending password to login page: [[ChromeDriver: chrome on windows (adc3855c7108f0855b7e906aa2ae6484)] -> name: password]
2023-12-19 21:12:43 INFO  LoginPage :38 - Clicking on login button: [[ChromeDriver: chrome on windows (adc3855c7108f0855b7e906aa2ae6484)] -> xpath: //input[@value='Login']]
2023-12-19 21:12:96 INFO  AccountPage :55 - Getting text from my account : [[ChromeDriver: chrome on windows (adc3855c7108f0855b7e906aa2ae6484)] -> xpath: //div[@id='content']/h2[text()='My Account']]
2023-12-19 21:12:261 INFO  AccountPage :46 - Clicking on My Account link : [[ChromeDriver: chrome on windows (adc3855c7108f0855b7e906aa2ae6484)] -> xpath: //a[@title='My Account']]
2023-12-19 21:12:529 INFO  LogoutPage :19 - Getting text from logout page : [[ChromeDriver: chrome on windows (adc3855c7108f0855b7e906aa2ae6484)] -> xpath: //h1[contains(text(),'Account Logout')]]
2023-12-19 21:12:583 INFO  AccountCreationPage :29 - Clicking on continue after account button [[ChromeDriver: chrome on windows (adc3855c7108f0855b7e906aa2ae6484)] -> xpath: //a[text()='Continue']]
2023-12-19 21:12:477 INFO  HomePage :94 - Hovering mouse and clicking on Desktops tab : [[ChromeDriver: chrome on windows (2fb050d3f8d19327176169a68a2fe69f)] -> xpath: //a[@class='dropdown-toggle'][normalize-space()='Desktops']]
2023-12-19 21:12:872 INFO  HomePage :78 - Hovering mouse and Clicking on show all desktops : [[ChromeDriver: chrome on windows (2fb050d3f8d19327176169a68a2fe69f)] -> xpath: //a[normalize-space()='Show AllDesktops']]
2023-12-19 21:12:901 INFO  DesktopPage :37 - Getting text from desktops page : [[ChromeDriver: chrome on windows (2fb050d3f8d19327176169a68a2fe69f)] -> xpath: //h2[contains(text(),'Desktops')]]
2023-12-19 21:12:918 INFO  HomePage :99 - Hovering mouse and clicking on Laptops and Notebooks tab : [[ChromeDriver: chrome on windows (8e5dc48caa029ee07fe0282abcd3648f)] -> xpath: //a[normalize-space()='Laptops & Notebooks']]
2023-12-19 21:12:896 INFO  HomePage :82 - Hovering mouse and Clicking on show all Laptops and Notebooks : [[ChromeDriver: chrome on windows (8e5dc48caa029ee07fe0282abcd3648f)] -> xpath: //a[normalize-space()='Show AllLaptops & Notebooks']]
2023-12-19 21:12:971 INFO  LaptopAndNoteBookPage :35 - Getting text from Laptops and Notebooks page : [[ChromeDriver: chrome on windows (8e5dc48caa029ee07fe0282abcd3648f)] -> xpath: //h2[contains(text(),'Laptops & Notebooks')]]
2023-12-19 21:12:683 INFO  HomePage :104 - Hovering mouse and clicking on Components tab : [[ChromeDriver: chrome on windows (a693226f5c584cf8fe41b97c6d913679)] -> xpath: //a[normalize-space()='Components']]
2023-12-19 21:12:567 INFO  HomePage :86 - Hovering mouse and Clicking on show all Components : [[ChromeDriver: chrome on windows (a693226f5c584cf8fe41b97c6d913679)] -> xpath: //a[normalize-space()='Components']]
2023-12-19 21:12:615 INFO  ComponentsPage :19 - Getting text from components page : [[ChromeDriver: chrome on windows (a693226f5c584cf8fe41b97c6d913679)] -> xpath: //h2[contains(text(),'Components')]]
2023-12-19 21:12:915 INFO  HomePage :94 - Hovering mouse and clicking on Desktops tab : [[ChromeDriver: chrome on windows (8cbf068bbc2f368ecfcf8c83cba81537)] -> xpath: //a[@class='dropdown-toggle'][normalize-space()='Desktops']]
2023-12-19 21:12:896 INFO  HomePage :78 - Hovering mouse and Clicking on show all desktops : [[ChromeDriver: chrome on windows (8cbf068bbc2f368ecfcf8c83cba81537)] -> xpath: //a[normalize-space()='Show AllDesktops']]
2023-12-19 21:12:36 INFO  DesktopPage :43 - Clicking on sort by  option tab : [[ChromeDriver: chrome on windows (8cbf068bbc2f368ecfcf8c83cba81537)] -> id: input-sort]
2023-12-19 21:12:842 INFO  DesktopPage :48 - Selecting sort by (A to Z) option : [[ChromeDriver: chrome on windows (8cbf068bbc2f368ecfcf8c83cba81537)] -> id: input-sort]
2023-12-19 21:12:973 INFO  HomePage :70 - Clicking on currency selector : [[ChromeDriver: chrome on windows (f5e62a7be91c3520cf64071b23f8773d)] -> xpath: //span[normalize-space()='Currency']]
2023-12-19 21:12:29 INFO  HomePage :72 - Clicking on currency GBP : [[ChromeDriver: chrome on windows (f5e62a7be91c3520cf64071b23f8773d)] -> xpath: //button[normalize-space()='£Pound Sterling']]
2023-12-19 21:12:246 INFO  HomePage :94 - Hovering mouse and clicking on Desktops tab : [[ChromeDriver: chrome on windows (f5e62a7be91c3520cf64071b23f8773d)] -> xpath: //a[@class='dropdown-toggle'][normalize-space()='Desktops']]
2023-12-19 21:12:579 INFO  HomePage :78 - Hovering mouse and Clicking on show all desktops : [[ChromeDriver: chrome on windows (f5e62a7be91c3520cf64071b23f8773d)] -> xpath: //a[normalize-space()='Show AllDesktops']]
2023-12-19 21:12:698 INFO  DesktopPage :43 - Clicking on sort by  option tab : [[ChromeDriver: chrome on windows (f5e62a7be91c3520cf64071b23f8773d)] -> id: input-sort]
2023-12-19 21:12:489 INFO  DesktopPage :48 - Selecting sort by (A to Z) option : [[ChromeDriver: chrome on windows (f5e62a7be91c3520cf64071b23f8773d)] -> id: input-sort]
2023-12-19 21:12:982 INFO  DesktopPage :98 - List Of Product : [[ChromeDriver: chrome on windows (f5e62a7be91c3520cf64071b23f8773d)] -> xpath: //h4/a]
2023-12-19 21:12:92 INFO  ProductPage :55 - Verify Product name : [[ChromeDriver: chrome on windows (f5e62a7be91c3520cf64071b23f8773d)] -> css selector: div[id='content'] h1]
2023-12-19 21:12:410 INFO  ShoppingCartPage :51 - Checking for shopping cart text : [[ChromeDriver: chrome on windows (f5e62a7be91c3520cf64071b23f8773d)] -> xpath: //div[@id='content']//h1]
2023-12-19 21:12:529 INFO  ShoppingCartPage :56 - Getting product name text in shopping cart : [[ChromeDriver: chrome on windows (f5e62a7be91c3520cf64071b23f8773d)] -> xpath: //div[@class = 'table-responsive']/table/tbody/tr/td[2]/a]
2023-12-19 21:12:604 INFO  ShoppingCartPage :66 - Getting model details in shopping cart : [[ChromeDriver: chrome on windows (f5e62a7be91c3520cf64071b23f8773d)] -> xpath: //div[@class = 'table-responsive']/table/tbody/tr/td[3]]
2023-12-19 21:12:658 INFO  ShoppingCartPage :71 - Getting total amount in shopping cart : [[ChromeDriver: chrome on windows (f5e62a7be91c3520cf64071b23f8773d)] -> xpath: //div[@class = 'table-responsive']/table/tbody/tr/td[6]]
2023-12-19 21:12:704 INFO  HomePage :70 - Clicking on currency selector : [[ChromeDriver: chrome on windows (55ec1911742ef46554d0250bf370ad80)] -> xpath: //span[normalize-space()='Currency']]
2023-12-19 21:12:915 INFO  HomePage :72 - Clicking on currency GBP : [[ChromeDriver: chrome on windows (55ec1911742ef46554d0250bf370ad80)] -> xpath: //button[normalize-space()='£Pound Sterling']]
2023-12-19 21:12:322 INFO  HomePage :94 - Hovering mouse and clicking on Desktops tab : [[ChromeDriver: chrome on windows (55ec1911742ef46554d0250bf370ad80)] -> xpath: //a[@class='dropdown-toggle'][normalize-space()='Desktops']]
2023-12-19 21:12:448 INFO  HomePage :78 - Hovering mouse and Clicking on show all desktops : [[ChromeDriver: chrome on windows (55ec1911742ef46554d0250bf370ad80)] -> xpath: //a[normalize-space()='Show AllDesktops']]
2023-12-19 21:12:686 INFO  DesktopPage :43 - Clicking on sort by  option tab : [[ChromeDriver: chrome on windows (55ec1911742ef46554d0250bf370ad80)] -> id: input-sort]
2023-12-19 21:12:535 INFO  DesktopPage :48 - Selecting sort by (A to Z) option : [[ChromeDriver: chrome on windows (55ec1911742ef46554d0250bf370ad80)] -> id: input-sort]
2023-12-19 21:12:466 INFO  DesktopPage :98 - List Of Product : [[ChromeDriver: chrome on windows (55ec1911742ef46554d0250bf370ad80)] -> xpath: //h4/a]
2023-12-19 21:12:505 INFO  ProductPage :55 - Verify Product name : [[ChromeDriver: chrome on windows (55ec1911742ef46554d0250bf370ad80)] -> css selector: div[id='content'] h1]
2023-12-19 21:12:792 INFO  ShoppingCartPage :51 - Checking for shopping cart text : [[ChromeDriver: chrome on windows (55ec1911742ef46554d0250bf370ad80)] -> xpath: //div[@id='content']//h1]
2023-12-19 21:12:867 INFO  ShoppingCartPage :56 - Getting product name text in shopping cart : [[ChromeDriver: chrome on windows (55ec1911742ef46554d0250bf370ad80)] -> xpath: //div[@class = 'table-responsive']/table/tbody/tr/td[2]/a]
2023-12-19 21:12:962 INFO  ShoppingCartPage :66 - Getting model details in shopping cart : [[ChromeDriver: chrome on windows (55ec1911742ef46554d0250bf370ad80)] -> xpath: //div[@class = 'table-responsive']/table/tbody/tr/td[3]]
2023-12-19 21:12:24 INFO  ShoppingCartPage :71 - Getting total amount in shopping cart : [[ChromeDriver: chrome on windows (55ec1911742ef46554d0250bf370ad80)] -> xpath: //div[@class = 'table-responsive']/table/tbody/tr/td[6]]
2023-12-19 21:12:273 INFO  HomePage :70 - Clicking on currency selector : [[ChromeDriver: chrome on windows (1ea16415ffc27cb8a8488fbde0df2c02)] -> xpath: //span[normalize-space()='Currency']]
2023-12-19 21:12:746 INFO  HomePage :72 - Clicking on currency GBP : [[ChromeDriver: chrome on windows (1ea16415ffc27cb8a8488fbde0df2c02)] -> xpath: //button[normalize-space()='£Pound Sterling']]
2023-12-19 21:12:966 INFO  HomePage :94 - Hovering mouse and clicking on Desktops tab : [[ChromeDriver: chrome on windows (1ea16415ffc27cb8a8488fbde0df2c02)] -> xpath: //a[@class='dropdown-toggle'][normalize-space()='Desktops']]
2023-12-19 21:12:128 INFO  HomePage :78 - Hovering mouse and Clicking on show all desktops : [[ChromeDriver: chrome on windows (1ea16415ffc27cb8a8488fbde0df2c02)] -> xpath: //a[normalize-space()='Show AllDesktops']]
2023-12-19 21:12:236 INFO  DesktopPage :43 - Clicking on sort by  option tab : [[ChromeDriver: chrome on windows (1ea16415ffc27cb8a8488fbde0df2c02)] -> id: input-sort]
2023-12-19 21:12:252 INFO  DesktopPage :48 - Selecting sort by (A to Z) option : [[ChromeDriver: chrome on windows (1ea16415ffc27cb8a8488fbde0df2c02)] -> id: input-sort]
2023-12-19 21:12:923 INFO  DesktopPage :98 - List Of Product : [[ChromeDriver: chrome on windows (1ea16415ffc27cb8a8488fbde0df2c02)] -> xpath: //h4/a]
2023-12-19 21:12:988 INFO  ProductPage :55 - Verify Product name : [[ChromeDriver: chrome on windows (1ea16415ffc27cb8a8488fbde0df2c02)] -> css selector: div[id='content'] h1]
2023-12-19 21:12:926 INFO  ShoppingCartPage :51 - Checking for shopping cart text : [[ChromeDriver: chrome on windows (1ea16415ffc27cb8a8488fbde0df2c02)] -> xpath: //div[@id='content']//h1]
2023-12-19 21:12:37 INFO  ShoppingCartPage :56 - Getting product name text in shopping cart : [[ChromeDriver: chrome on windows (1ea16415ffc27cb8a8488fbde0df2c02)] -> xpath: //div[@class = 'table-responsive']/table/tbody/tr/td[2]/a]
2023-12-19 21:12:123 INFO  ShoppingCartPage :66 - Getting model details in shopping cart : [[ChromeDriver: chrome on windows (1ea16415ffc27cb8a8488fbde0df2c02)] -> xpath: //div[@class = 'table-responsive']/table/tbody/tr/td[3]]
2023-12-19 21:12:209 INFO  ShoppingCartPage :71 - Getting total amount in shopping cart : [[ChromeDriver: chrome on windows (1ea16415ffc27cb8a8488fbde0df2c02)] -> xpath: //div[@class = 'table-responsive']/table/tbody/tr/td[6]]
2023-12-19 21:12:74 INFO  HomePage :70 - Clicking on currency selector : [[ChromeDriver: chrome on windows (bace1f36f475aa0359770947bb608a0c)] -> xpath: //span[normalize-space()='Currency']]
2023-12-19 21:12:542 INFO  HomePage :72 - Clicking on currency GBP : [[ChromeDriver: chrome on windows (bace1f36f475aa0359770947bb608a0c)] -> xpath: //button[normalize-space()='£Pound Sterling']]
2023-12-19 21:12:95 INFO  HomePage :94 - Hovering mouse and clicking on Desktops tab : [[ChromeDriver: chrome on windows (bace1f36f475aa0359770947bb608a0c)] -> xpath: //a[@class='dropdown-toggle'][normalize-space()='Desktops']]
2023-12-19 21:12:788 INFO  HomePage :78 - Hovering mouse and Clicking on show all desktops : [[ChromeDriver: chrome on windows (bace1f36f475aa0359770947bb608a0c)] -> xpath: //a[normalize-space()='Show AllDesktops']]
2023-12-19 21:12:162 INFO  DesktopPage :43 - Clicking on sort by  option tab : [[ChromeDriver: chrome on windows (bace1f36f475aa0359770947bb608a0c)] -> id: input-sort]
2023-12-19 21:12:456 INFO  DesktopPage :48 - Selecting sort by (A to Z) option : [[ChromeDriver: chrome on windows (bace1f36f475aa0359770947bb608a0c)] -> id: input-sort]
2023-12-19 21:12:135 INFO  DesktopPage :98 - List Of Product : [[ChromeDriver: chrome on windows (bace1f36f475aa0359770947bb608a0c)] -> xpath: //h4/a]
2023-12-19 21:12:290 INFO  ProductPage :55 - Verify Product name : [[ChromeDriver: chrome on windows (bace1f36f475aa0359770947bb608a0c)] -> css selector: div[id='content'] h1]
2023-12-19 21:12:537 INFO  ShoppingCartPage :51 - Checking for shopping cart text : [[ChromeDriver: chrome on windows (bace1f36f475aa0359770947bb608a0c)] -> xpath: //div[@id='content']//h1]
2023-12-19 21:12:966 INFO  ShoppingCartPage :56 - Getting product name text in shopping cart : [[ChromeDriver: chrome on windows (bace1f36f475aa0359770947bb608a0c)] -> xpath: //div[@class = 'table-responsive']/table/tbody/tr/td[2]/a]
2023-12-19 21:12:287 INFO  ShoppingCartPage :66 - Getting model details in shopping cart : [[ChromeDriver: chrome on windows (bace1f36f475aa0359770947bb608a0c)] -> xpath: //div[@class = 'table-responsive']/table/tbody/tr/td[3]]
2023-12-19 21:12:154 INFO  ShoppingCartPage :71 - Getting total amount in shopping cart : [[ChromeDriver: chrome on windows (bace1f36f475aa0359770947bb608a0c)] -> xpath: //div[@class = 'table-responsive']/table/tbody/tr/td[6]]
2023-12-19 21:12:345 INFO  HomePage :70 - Clicking on currency selector : [[ChromeDriver: chrome on windows (126dd866300566aa1cfdd46b8aa63f43)] -> xpath: //span[normalize-space()='Currency']]
2023-12-19 21:12:472 INFO  HomePage :72 - Clicking on currency GBP : [[ChromeDriver: chrome on windows (126dd866300566aa1cfdd46b8aa63f43)] -> xpath: //button[normalize-space()='£Pound Sterling']]
2023-12-19 21:12:719 INFO  HomePage :94 - Hovering mouse and clicking on Desktops tab : [[ChromeDriver: chrome on windows (126dd866300566aa1cfdd46b8aa63f43)] -> xpath: //a[@class='dropdown-toggle'][normalize-space()='Desktops']]
2023-12-19 21:12:94 INFO  HomePage :78 - Hovering mouse and Clicking on show all desktops : [[ChromeDriver: chrome on windows (126dd866300566aa1cfdd46b8aa63f43)] -> xpath: //a[normalize-space()='Show AllDesktops']]
2023-12-19 21:12:224 INFO  DesktopPage :43 - Clicking on sort by  option tab : [[ChromeDriver: chrome on windows (126dd866300566aa1cfdd46b8aa63f43)] -> id: input-sort]
2023-12-19 21:12:74 INFO  DesktopPage :48 - Selecting sort by (A to Z) option : [[ChromeDriver: chrome on windows (126dd866300566aa1cfdd46b8aa63f43)] -> id: input-sort]
2023-12-19 21:12:839 INFO  DesktopPage :98 - List Of Product : [[ChromeDriver: chrome on windows (126dd866300566aa1cfdd46b8aa63f43)] -> xpath: //h4/a]
2023-12-19 21:12:936 INFO  ProductPage :55 - Verify Product name : [[ChromeDriver: chrome on windows (126dd866300566aa1cfdd46b8aa63f43)] -> css selector: div[id='content'] h1]
2023-12-19 21:12:415 INFO  ShoppingCartPage :51 - Checking for shopping cart text : [[ChromeDriver: chrome on windows (126dd866300566aa1cfdd46b8aa63f43)] -> xpath: //div[@id='content']//h1]
2023-12-19 21:12:483 INFO  ShoppingCartPage :56 - Getting product name text in shopping cart : [[ChromeDriver: chrome on windows (126dd866300566aa1cfdd46b8aa63f43)] -> xpath: //div[@class = 'table-responsive']/table/tbody/tr/td[2]/a]
2023-12-19 21:12:563 INFO  ShoppingCartPage :66 - Getting model details in shopping cart : [[ChromeDriver: chrome on windows (126dd866300566aa1cfdd46b8aa63f43)] -> xpath: //div[@class = 'table-responsive']/table/tbody/tr/td[3]]
2023-12-19 21:12:613 INFO  ShoppingCartPage :71 - Getting total amount in shopping cart : [[ChromeDriver: chrome on windows (126dd866300566aa1cfdd46b8aa63f43)] -> xpath: //div[@class = 'table-responsive']/table/tbody/tr/td[6]]
2023-12-19 21:12:395 INFO  HomePage :70 - Clicking on currency selector : [[ChromeDriver: chrome on windows (6dcf6076ed5bb9ee750196042e90cfbd)] -> xpath: //span[normalize-space()='Currency']]
2023-12-19 21:12:425 INFO  HomePage :72 - Clicking on currency GBP : [[ChromeDriver: chrome on windows (6dcf6076ed5bb9ee750196042e90cfbd)] -> xpath: //button[normalize-space()='£Pound Sterling']]
2023-12-19 21:12:662 INFO  HomePage :94 - Hovering mouse and clicking on Desktops tab : [[ChromeDriver: chrome on windows (6dcf6076ed5bb9ee750196042e90cfbd)] -> xpath: //a[@class='dropdown-toggle'][normalize-space()='Desktops']]
2023-12-19 21:12:28 INFO  HomePage :78 - Hovering mouse and Clicking on show all desktops : [[ChromeDriver: chrome on windows (6dcf6076ed5bb9ee750196042e90cfbd)] -> xpath: //a[normalize-space()='Show AllDesktops']]
2023-12-19 21:12:146 INFO  DesktopPage :43 - Clicking on sort by  option tab : [[ChromeDriver: chrome on windows (6dcf6076ed5bb9ee750196042e90cfbd)] -> id: input-sort]
2023-12-19 21:12:838 INFO  DesktopPage :48 - Selecting sort by (A to Z) option : [[ChromeDriver: chrome on windows (6dcf6076ed5bb9ee750196042e90cfbd)] -> id: input-sort]
2023-12-19 21:12:58 INFO  DesktopPage :98 - List Of Product : [[ChromeDriver: chrome on windows (6dcf6076ed5bb9ee750196042e90cfbd)] -> xpath: //h4/a]
2023-12-19 21:12:88 INFO  ProductPage :55 - Verify Product name : [[ChromeDriver: chrome on windows (6dcf6076ed5bb9ee750196042e90cfbd)] -> css selector: div[id='content'] h1]
2023-12-19 21:12:373 INFO  ShoppingCartPage :51 - Checking for shopping cart text : [[ChromeDriver: chrome on windows (6dcf6076ed5bb9ee750196042e90cfbd)] -> xpath: //div[@id='content']//h1]
2023-12-19 21:12:552 INFO  ShoppingCartPage :56 - Getting product name text in shopping cart : [[ChromeDriver: chrome on windows (6dcf6076ed5bb9ee750196042e90cfbd)] -> xpath: //div[@class = 'table-responsive']/table/tbody/tr/td[2]/a]
2023-12-19 21:12:633 INFO  ShoppingCartPage :66 - Getting model details in shopping cart : [[ChromeDriver: chrome on windows (6dcf6076ed5bb9ee750196042e90cfbd)] -> xpath: //div[@class = 'table-responsive']/table/tbody/tr/td[3]]
2023-12-19 21:12:673 INFO  ShoppingCartPage :71 - Getting total amount in shopping cart : [[ChromeDriver: chrome on windows (6dcf6076ed5bb9ee750196042e90cfbd)] -> xpath: //div[@class = 'table-responsive']/table/tbody/tr/td[6]]
2023-12-19 21:12:121 INFO  HomePage :99 - Hovering mouse and clicking on Laptops and Notebooks tab : [[ChromeDriver: chrome on windows (5f26fa8b8327815459b2639f8890a6d9)] -> xpath: //a[normalize-space()='Laptops & Notebooks']]
2023-12-19 21:12:722 INFO  HomePage :82 - Hovering mouse and Clicking on show all Laptops and Notebooks : [[ChromeDriver: chrome on windows (5f26fa8b8327815459b2639f8890a6d9)] -> xpath: //a[normalize-space()='Show AllLaptops & Notebooks']]
2023-12-19 21:12:838 INFO  LaptopAndNoteBookPage :54 - Clicking on SortBy filter drop down : [[ChromeDriver: chrome on windows (5f26fa8b8327815459b2639f8890a6d9)] -> id: input-sort]
2023-12-19 21:12:765 INFO  LaptopAndNoteBookPage :58 - Selecting sort by Price(High>Low) option : [[ChromeDriver: chrome on windows (5f26fa8b8327815459b2639f8890a6d9)] -> id: input-sort]
2023-12-19 21:12:856 INFO  LaptopAndNoteBookPage :68 - Taking actual sorted product prices : [[[ChromeDriver: chrome on windows (5f26fa8b8327815459b2639f8890a6d9)] -> xpath: //p[@class ='price']], [[ChromeDriver: chrome on windows (5f26fa8b8327815459b2639f8890a6d9)] -> xpath: //p[@class ='price']], [[ChromeDriver: chrome on windows (5f26fa8b8327815459b2639f8890a6d9)] -> xpath: //p[@class ='price']], [[ChromeDriver: chrome on windows (5f26fa8b8327815459b2639f8890a6d9)] -> xpath: //p[@class ='price']], [[ChromeDriver: chrome on windows (5f26fa8b8327815459b2639f8890a6d9)] -> xpath: //p[@class ='price']]]
2023-12-19 21:12:951 INFO  LaptopAndNoteBookPage :81 - Taking the prices and sorting is by collection.sort : [[[ChromeDriver: chrome on windows (5f26fa8b8327815459b2639f8890a6d9)] -> xpath: //p[@class ='price']], [[ChromeDriver: chrome on windows (5f26fa8b8327815459b2639f8890a6d9)] -> xpath: //p[@class ='price']], [[ChromeDriver: chrome on windows (5f26fa8b8327815459b2639f8890a6d9)] -> xpath: //p[@class ='price']], [[ChromeDriver: chrome on windows (5f26fa8b8327815459b2639f8890a6d9)] -> xpath: //p[@class ='price']], [[ChromeDriver: chrome on windows (5f26fa8b8327815459b2639f8890a6d9)] -> xpath: //p[@class ='price']]]
2023-12-19 21:12:110 INFO  HomePage :99 - Hovering mouse and clicking on Laptops and Notebooks tab : [[ChromeDriver: chrome on windows (06c45ba368f3f324c2555ba60c76104d)] -> xpath: //a[normalize-space()='Laptops & Notebooks']]
2023-12-19 21:12:413 INFO  HomePage :82 - Hovering mouse and Clicking on show all Laptops and Notebooks : [[ChromeDriver: chrome on windows (06c45ba368f3f324c2555ba60c76104d)] -> xpath: //a[normalize-space()='Show AllLaptops & Notebooks']]
2023-12-19 21:12:780 INFO  LaptopAndNoteBookPage :54 - Clicking on SortBy filter drop down : [[ChromeDriver: chrome on windows (06c45ba368f3f324c2555ba60c76104d)] -> id: input-sort]
2023-12-19 21:12:563 INFO  LaptopAndNoteBookPage :58 - Selecting sort by Price(High>Low) option : [[ChromeDriver: chrome on windows (06c45ba368f3f324c2555ba60c76104d)] -> id: input-sort]
2023-12-19 21:12:143 INFO  LaptopAndNoteBookPage :87 - Clicking on MacBook product link : [[ChromeDriver: chrome on windows (06c45ba368f3f324c2555ba60c76104d)] -> link text: MacBook]
2023-12-19 21:12:198 INFO  MacBookPage :31 - Getting text from macbook page : [[ChromeDriver: chrome on windows (06c45ba368f3f324c2555ba60c76104d)] -> xpath: //h1[contains(text(),'MacBook')]]
2023-12-19 21:12:547 INFO  MacBookPage :37 - Clicking on add to cart : [[ChromeDriver: chrome on windows (06c45ba368f3f324c2555ba60c76104d)] -> xpath: //button[@id='button-cart']]
2023-12-19 21:12:860 INFO  MacBookPage :41 - Checking for product added to cart successfully : [[ChromeDriver: chrome on windows (06c45ba368f3f324c2555ba60c76104d)] -> css selector: body:nth-child(2) div.container:nth-child(4) > div.alert.alert-success.alert-dismissible]
2023-12-19 21:12:663 INFO  MacBookPage :47 - Clicking on shopping cart : [[ChromeDriver: chrome on windows (06c45ba368f3f324c2555ba60c76104d)] -> xpath: //div[@class='alert alert-success alert-dismissible']/a[2]]
2023-12-19 21:12:738 INFO  ShoppingCartPage :51 - Checking for shopping cart text : [[ChromeDriver: chrome on windows (06c45ba368f3f324c2555ba60c76104d)] -> xpath: //div[@id='content']//h1]
2023-12-19 21:12:837 INFO  ShoppingCartPage :56 - Getting product name text in shopping cart : [[ChromeDriver: chrome on windows (06c45ba368f3f324c2555ba60c76104d)] -> xpath: //div[@class = 'table-responsive']/table/tbody/tr/td[2]/a]
2023-12-19 21:12:157 INFO  ShoppingCartPage :78 - Sending quantity to quantity box in shopping cart : [[ChromeDriver: chrome on windows (06c45ba368f3f324c2555ba60c76104d)] -> xpath: //div[@class='input-group btn-block']/input[@type='text']]
2023-12-19 21:12:409 INFO  ShoppingCartPage :83 - Clicking on refresh button : [[ChromeDriver: chrome on windows (06c45ba368f3f324c2555ba60c76104d)] -> xpath: //i[@class = 'fa fa-refresh']]
2023-12-19 21:12:457 INFO  ShoppingCartPage :87 - Checking for success message after refreshing the product : [[ChromeDriver: chrome on windows (06c45ba368f3f324c2555ba60c76104d)] -> xpath: //div[@id='checkout-cart']/div[1]]
2023-12-19 21:12:539 INFO  ShoppingCartPage :71 - Getting total amount in shopping cart : [[ChromeDriver: chrome on windows (06c45ba368f3f324c2555ba60c76104d)] -> xpath: //div[@class = 'table-responsive']/table/tbody/tr/td[6]]
2023-12-19 21:12:538 INFO  ShoppingCartPage :93 - Clicking on logout button : Proxy element for: DefaultElementLocator 'By.xpath: //i[@class = 'fa fa-refresh']'
2023-12-19 21:12:854 INFO  CheckOutPage :87 - Getting text from checkout page : [[ChromeDriver: chrome on windows (06c45ba368f3f324c2555ba60c76104d)] -> xpath: //h1[contains(text(),'Checkout')]]
2023-12-19 21:12:105 INFO  CheckOutPage :92 - Getting New Customer text : [[ChromeDriver: chrome on windows (06c45ba368f3f324c2555ba60c76104d)] -> xpath: //h2[contains(text(),'New Customer')]]
2023-12-19 21:12:154 INFO  CheckOutPage :98 - Clicking on Guest checkout radio button : [[ChromeDriver: chrome on windows (06c45ba368f3f324c2555ba60c76104d)] -> xpath: //div[@id='checkout-checkout']//input[@value='guest']]
2023-12-19 21:12:745 INFO  CheckOutPage :103 - Clicking on continue button : [[ChromeDriver: chrome on windows (06c45ba368f3f324c2555ba60c76104d)] -> xpath: //input[@id='button-account']]
2023-12-19 21:12:847 INFO  CheckOutPage :118 - Sending firstname to billing details : [[ChromeDriver: chrome on windows (06c45ba368f3f324c2555ba60c76104d)] -> id: input-payment-firstname]
2023-12-19 21:12:184 INFO  CheckOutPage :123 - Sending lastname to billing details : [[ChromeDriver: chrome on windows (06c45ba368f3f324c2555ba60c76104d)] -> id: input-payment-lastname]
2023-12-19 21:12:720 INFO  CheckOutPage :128 - Sending email to billing details : [[ChromeDriver: chrome on windows (06c45ba368f3f324c2555ba60c76104d)] -> id: input-payment-email]
2023-12-19 21:12:836 INFO  CheckOutPage :133 - Sending telephone to billing details : [[ChromeDriver: chrome on windows (06c45ba368f3f324c2555ba60c76104d)] -> id: input-payment-telephone]
2023-12-19 21:12:325 INFO  CheckOutPage :138 - Sending address to billing details : [[ChromeDriver: chrome on windows (06c45ba368f3f324c2555ba60c76104d)] -> id: input-payment-address-1]
2023-12-19 21:12:721 INFO  CheckOutPage :143 - Sending city to billing details : [[ChromeDriver: chrome on windows (06c45ba368f3f324c2555ba60c76104d)] -> id: input-payment-city]
2023-12-19 21:12:56 INFO  CheckOutPage :148 - Sending postcode to billing details : [[ChromeDriver: chrome on windows (06c45ba368f3f324c2555ba60c76104d)] -> id: input-payment-postcode]
2023-12-19 21:12:637 INFO  CheckOutPage :153 - Selecting country to billing details from dropdown : [[ChromeDriver: chrome on windows (06c45ba368f3f324c2555ba60c76104d)] -> id: input-payment-country]
2023-12-19 21:12:944 INFO  CheckOutPage :158 - Selecting region to billing details from dropdown : [[ChromeDriver: chrome on windows (06c45ba368f3f324c2555ba60c76104d)] -> id: input-payment-zone]
2023-12-19 21:12:136 INFO  CheckOutPage :108 - Clicking on continue button in billing details : [[ChromeDriver: chrome on windows (06c45ba368f3f324c2555ba60c76104d)] -> xpath: //input[@id='button-guest']]
2023-12-19 21:12:125 INFO  CheckOutPage :163 - Sending comments to billing details : [[ChromeDriver: chrome on windows (06c45ba368f3f324c2555ba60c76104d)] -> name: comment]
2023-12-19 21:12:412 INFO  CheckOutPage :168 - Clicking on terms and condition check box : [[ChromeDriver: chrome on windows (06c45ba368f3f324c2555ba60c76104d)] -> xpath: //input[@name = 'agree']]
2023-12-19 21:12:516 INFO  CheckOutPage :113 - Clicking on continue button in comments details : [[ChromeDriver: chrome on windows (06c45ba368f3f324c2555ba60c76104d)] -> id: button-payment-method]
2023-12-19 21:12:868 INFO  CheckOutPage :172 - Getting a payment method required warning message : [[ChromeDriver: chrome on windows (06c45ba368f3f324c2555ba60c76104d)] -> xpath: //div[@class='alert alert-danger alert-dismissible']]
2023-12-19 21:12:875 INFO  HomePage :122 - Clicking on My Accounts Tab : [[ChromeDriver: chrome on windows (2a9dfb1c227e96eb077da3953e6e184a)] -> xpath: //span[contains(text(),'My Account')]]
2023-12-19 21:12:382 INFO  HomePage :126 - Getting text from Register Account : [[ChromeDriver: chrome on windows (2a9dfb1c227e96eb077da3953e6e184a)] -> xpath: //h1[contains(text(),'Register Account')]]
2023-12-19 21:12:56 INFO  HomePage :122 - Clicking on My Accounts Tab : [[ChromeDriver: chrome on windows (fbd4aea1c735c03459ddf819e50796f6)] -> xpath: //span[contains(text(),'My Account')]]
2023-12-19 21:12:856 INFO  HomePage :131 - Getting text from Login Account : [[ChromeDriver: chrome on windows (fbd4aea1c735c03459ddf819e50796f6)] -> xpath: //h2[contains(text(),'Returning Customer')]]
2023-12-19 21:12:845 INFO  HomePage :122 - Clicking on My Accounts Tab : [[ChromeDriver: chrome on windows (2113ae245ee2c9bf3bba7b25ada8c223)] -> xpath: //span[contains(text(),'My Account')]]
2023-12-19 21:12:351 INFO  RegisterPage :53 - Sending firstname to register page : [[ChromeDriver: chrome on windows (2113ae245ee2c9bf3bba7b25ada8c223)] -> name: firstname]
2023-12-19 21:12:612 INFO  RegisterPage :58 - Sending lastname to register page : [[ChromeDriver: chrome on windows (2113ae245ee2c9bf3bba7b25ada8c223)] -> name: lastname]
2023-12-19 21:12:910 INFO  RegisterPage :63 - Sending email to register page : [[ChromeDriver: chrome on windows (2113ae245ee2c9bf3bba7b25ada8c223)] -> name: email]
2023-12-19 21:12:176 INFO  RegisterPage :68 - Sending telephone to register page : [[ChromeDriver: chrome on windows (2113ae245ee2c9bf3bba7b25ada8c223)] -> name: telephone]
2023-12-19 21:12:402 INFO  RegisterPage :73 - Sending password to register page : [[ChromeDriver: chrome on windows (2113ae245ee2c9bf3bba7b25ada8c223)] -> name: password]
2023-12-19 21:12:740 INFO  RegisterPage :78 - Sending confirm password to register page : [[ChromeDriver: chrome on windows (2113ae245ee2c9bf3bba7b25ada8c223)] -> name: confirm]
2023-12-19 21:12:871 INFO  RegisterPage :83 - Clicking on newsletter check box : [[ChromeDriver: chrome on windows (2113ae245ee2c9bf3bba7b25ada8c223)] -> name: newsletter]
2023-12-19 21:12:282 INFO  RegisterPage :88 - Clicking on privacy policy check box : [[ChromeDriver: chrome on windows (2113ae245ee2c9bf3bba7b25ada8c223)] -> name: agree]
2023-12-19 21:12:574 INFO  RegisterPage :93 - Clicking on continue button : [[ChromeDriver: chrome on windows (2113ae245ee2c9bf3bba7b25ada8c223)] -> xpath: //input[@type='submit']]
2023-12-19 21:12:655 INFO  AccountCreationPage :24 - Getting account creation text Proxy element for: DefaultElementLocator 'By.xpath: //h1[normalize-space()='Your Account Has Been Created!']'
2023-12-19 21:12:14 INFO  HomePage :122 - Clicking on My Accounts Tab : [[ChromeDriver: chrome on windows (5a159696fd56b68c2c42d2f1a2ea4b41)] -> xpath: //span[contains(text(),'My Account')]]
2023-12-19 21:12:971 INFO  LoginPage :28 - Sending email to login page: [[ChromeDriver: chrome on windows (5a159696fd56b68c2c42d2f1a2ea4b41)] -> name: email]
2023-12-19 21:12:239 INFO  LoginPage :33 - Sending password to login page: [[ChromeDriver: chrome on windows (5a159696fd56b68c2c42d2f1a2ea4b41)] -> name: password]
2023-12-19 21:12:125 INFO  LoginPage :38 - Clicking on login button: [[ChromeDriver: chrome on windows (5a159696fd56b68c2c42d2f1a2ea4b41)] -> xpath: //input[@value='Login']]
2023-12-19 21:12:179 INFO  AccountPage :55 - Getting text from my account : [[ChromeDriver: chrome on windows (5a159696fd56b68c2c42d2f1a2ea4b41)] -> xpath: //div[@id='content']/h2[text()='My Account']]
2023-12-19 21:12:490 INFO  AccountPage :46 - Clicking on My Account link : [[ChromeDriver: chrome on windows (5a159696fd56b68c2c42d2f1a2ea4b41)] -> xpath: //a[@title='My Account']]
2023-12-19 21:12:626 INFO  LogoutPage :19 - Getting text from logout page : [[ChromeDriver: chrome on windows (5a159696fd56b68c2c42d2f1a2ea4b41)] -> xpath: //h1[contains(text(),'Account Logout')]]
2023-12-19 21:12:693 INFO  AccountCreationPage :29 - Clicking on continue after account button [[ChromeDriver: chrome on windows (5a159696fd56b68c2c42d2f1a2ea4b41)] -> xpath: //a[text()='Continue']]
2023-12-19 21:12:363 INFO  HomePage :94 - Hovering mouse and clicking on Desktops tab : [[ChromeDriver: chrome on windows (6c5b89505d3ceb555e29ffab6d042e45)] -> xpath: //a[@class='dropdown-toggle'][normalize-space()='Desktops']]
2023-12-19 21:12:993 INFO  HomePage :78 - Hovering mouse and Clicking on show all desktops : [[ChromeDriver: chrome on windows (6c5b89505d3ceb555e29ffab6d042e45)] -> xpath: //a[normalize-space()='Show AllDesktops']]
2023-12-19 21:12:104 INFO  DesktopPage :37 - Getting text from desktops page : [[ChromeDriver: chrome on windows (6c5b89505d3ceb555e29ffab6d042e45)] -> xpath: //h2[contains(text(),'Desktops')]]
2023-12-19 21:12:79 INFO  HomePage :99 - Hovering mouse and clicking on Laptops and Notebooks tab : [[ChromeDriver: chrome on windows (b602b5f86de5a94827a2c04c505c0659)] -> xpath: //a[normalize-space()='Laptops & Notebooks']]
2023-12-19 21:12:214 INFO  HomePage :82 - Hovering mouse and Clicking on show all Laptops and Notebooks : [[ChromeDriver: chrome on windows (b602b5f86de5a94827a2c04c505c0659)] -> xpath: //a[normalize-space()='Show AllLaptops & Notebooks']]
2023-12-19 21:12:241 INFO  LaptopAndNoteBookPage :35 - Getting text from Laptops and Notebooks page : [[ChromeDriver: chrome on windows (b602b5f86de5a94827a2c04c505c0659)] -> xpath: //h2[contains(text(),'Laptops & Notebooks')]]
2023-12-19 21:12:914 INFO  HomePage :104 - Hovering mouse and clicking on Components tab : [[ChromeDriver: chrome on windows (d1f39d61ffd666ebe74202c64d11013c)] -> xpath: //a[normalize-space()='Components']]
2023-12-19 21:12:763 INFO  HomePage :86 - Hovering mouse and Clicking on show all Components : [[ChromeDriver: chrome on windows (d1f39d61ffd666ebe74202c64d11013c)] -> xpath: //a[normalize-space()='Components']]
2023-12-19 21:12:858 INFO  ComponentsPage :19 - Getting text from components page : [[ChromeDriver: chrome on windows (d1f39d61ffd666ebe74202c64d11013c)] -> xpath: //h2[contains(text(),'Components')]]
